{"/home/max/root/Code-Root/fortgeschrittene-programmierung/frontend/src/App.tsx": {"path":"/home/max/root/Code-Root/fortgeschrittene-programmierung/frontend/src/App.tsx","statementMap":{"0":{"start":{"line":12,"column":2},"end":{"line":17,"column":null}}},"fnMap":{"0":{"name":"App","decl":{"start":{"line":11,"column":24},"end":{"line":11,"column":30}},"loc":{"start":{"line":11,"column":30},"end":{"line":19,"column":null}},"line":11}},"branchMap":{},"s":{"0":0},"f":{"0":0},"b":{},"meta":{"lastBranch":0,"lastFunction":1,"lastStatement":1,"seen":{"f:11:24:11:30":0,"s:12:2:17:Infinity":0},"fnNames":{}}}
,"/home/max/root/Code-Root/fortgeschrittene-programmierung/frontend/src/components/SimulationShell.tsx": {"path":"/home/max/root/Code-Root/fortgeschrittene-programmierung/frontend/src/components/SimulationShell.tsx","statementMap":{"0":{"start":{"line":10,"column":57},"end":{"line":10,"column":79}},"1":{"start":{"line":12,"column":24},"end":{"line":12,"column":null}},"2":{"start":{"line":13,"column":36},"end":{"line":13,"column":null}},"3":{"start":{"line":15,"column":2},"end":{"line":23,"column":null}},"4":{"start":{"line":16,"column":4},"end":{"line":16,"column":null}},"5":{"start":{"line":18,"column":4},"end":{"line":22,"column":null}},"6":{"start":{"line":19,"column":6},"end":{"line":19,"column":null}},"7":{"start":{"line":21,"column":6},"end":{"line":21,"column":null}},"8":{"start":{"line":25,"column":2},"end":{"line":46,"column":null}},"9":{"start":{"line":40,"column":85},"end":{"line":40,"column":125}},"10":{"start":{"line":44,"column":90},"end":{"line":44,"column":133}}},"fnMap":{"0":{"name":"SimulationShell","decl":{"start":{"line":9,"column":16},"end":{"line":9,"column":34}},"loc":{"start":{"line":9,"column":34},"end":{"line":48,"column":null}},"line":9},"1":{"name":"(anonymous_1)","decl":{"start":{"line":40,"column":64},"end":{"line":40,"column":75}},"loc":{"start":{"line":40,"column":85},"end":{"line":40,"column":125}},"line":40},"2":{"name":"(anonymous_2)","decl":{"start":{"line":44,"column":69},"end":{"line":44,"column":80}},"loc":{"start":{"line":44,"column":90},"end":{"line":44,"column":133}},"line":44}},"branchMap":{"0":{"loc":{"start":{"line":18,"column":4},"end":{"line":22,"column":null}},"type":"if","locations":[{"start":{"line":18,"column":4},"end":{"line":22,"column":null}},{"start":{"line":20,"column":11},"end":{"line":22,"column":null}}],"line":18},"1":{"loc":{"start":{"line":31,"column":7},"end":{"line":36,"column":null}},"type":"cond-expr","locations":[{"start":{"line":32,"column":8},"end":{"line":36,"column":9}},{"start":{"line":36,"column":8},"end":{"line":36,"column":null}}],"line":31}},"s":{"0":8,"1":8,"2":8,"3":8,"4":8,"5":1,"6":1,"7":0,"8":8,"9":1,"10":2},"f":{"0":8,"1":1,"2":2},"b":{"0":[1,0],"1":[1,7]},"meta":{"lastBranch":2,"lastFunction":3,"lastStatement":11,"seen":{"f:9:16:9:34":0,"s:10:57:10:79":0,"s:12:24:12:Infinity":1,"s:13:36:13:Infinity":2,"s:15:2:23:Infinity":3,"s:16:4:16:Infinity":4,"b:18:4:22:Infinity:20:11:22:Infinity":0,"s:18:4:22:Infinity":5,"s:19:6:19:Infinity":6,"s:21:6:21:Infinity":7,"s:25:2:46:Infinity":8,"b:32:8:36:9:36:8:36:Infinity":1,"f:40:64:40:75":1,"s:40:85:40:125":9,"f:44:69:44:80":2,"s:44:90:44:133":10},"fnNames":{}}}
,"/home/max/root/Code-Root/fortgeschrittene-programmierung/frontend/src/components/BodyContextMenu/BodyContextMenu.tsx": {"path":"/home/max/root/Code-Root/fortgeschrittene-programmierung/frontend/src/components/BodyContextMenu/BodyContextMenu.tsx","statementMap":{"0":{"start":{"line":23,"column":2},"end":{"line":47,"column":null}},"1":{"start":{"line":42,"column":8},"end":{"line":42,"column":null}},"2":{"start":{"line":42,"column":23},"end":{"line":42,"column":null}},"3":{"start":{"line":44,"column":28},"end":{"line":44,"column":null}},"4":{"start":{"line":58,"column":16},"end":{"line":58,"column":24}},"5":{"start":{"line":59,"column":18},"end":{"line":59,"column":null}},"6":{"start":{"line":61,"column":2},"end":{"line":79,"column":null}},"7":{"start":{"line":62,"column":10},"end":{"line":66,"column":null}},"8":{"start":{"line":63,"column":6},"end":{"line":65,"column":null}},"9":{"start":{"line":64,"column":8},"end":{"line":64,"column":null}},"10":{"start":{"line":67,"column":10},"end":{"line":71,"column":null}},"11":{"start":{"line":68,"column":6},"end":{"line":70,"column":null}},"12":{"start":{"line":69,"column":8},"end":{"line":69,"column":null}},"13":{"start":{"line":73,"column":4},"end":{"line":73,"column":null}},"14":{"start":{"line":74,"column":4},"end":{"line":74,"column":null}},"15":{"start":{"line":75,"column":4},"end":{"line":78,"column":null}},"16":{"start":{"line":76,"column":6},"end":{"line":76,"column":null}},"17":{"start":{"line":77,"column":6},"end":{"line":77,"column":null}},"18":{"start":{"line":81,"column":20},"end":{"line":81,"column":null}},"19":{"start":{"line":82,"column":20},"end":{"line":82,"column":null}},"20":{"start":{"line":84,"column":2},"end":{"line":167,"column":null}},"21":{"start":{"line":132,"column":10},"end":{"line":132,"column":null}},"22":{"start":{"line":133,"column":10},"end":{"line":133,"column":null}},"23":{"start":{"line":143,"column":10},"end":{"line":143,"column":null}},"24":{"start":{"line":144,"column":10},"end":{"line":144,"column":null}},"25":{"start":{"line":156,"column":10},"end":{"line":159,"column":null}},"26":{"start":{"line":157,"column":12},"end":{"line":157,"column":null}},"27":{"start":{"line":158,"column":12},"end":{"line":158,"column":null}}},"fnMap":{"0":{"name":"MenuItem","decl":{"start":{"line":22,"column":9},"end":{"line":22,"column":18}},"loc":{"start":{"line":22,"column":93},"end":{"line":49,"column":null}},"line":22},"1":{"name":"(anonymous_1)","decl":{"start":{"line":41,"column":6},"end":{"line":41,"column":21}},"loc":{"start":{"line":41,"column":27},"end":{"line":43,"column":null}},"line":41},"2":{"name":"(anonymous_2)","decl":{"start":{"line":44,"column":6},"end":{"line":44,"column":21}},"loc":{"start":{"line":44,"column":28},"end":{"line":44,"column":null}},"line":44},"3":{"name":"BodyContextMenu","decl":{"start":{"line":57,"column":16},"end":{"line":57,"column":32}},"loc":{"start":{"line":57,"column":115},"end":{"line":169,"column":null}},"line":57},"4":{"name":"(anonymous_4)","decl":{"start":{"line":61,"column":2},"end":{"line":61,"column":18}},"loc":{"start":{"line":61,"column":18},"end":{"line":79,"column":5}},"line":61},"5":{"name":"(anonymous_5)","decl":{"start":{"line":62,"column":10},"end":{"line":62,"column":32}},"loc":{"start":{"line":62,"column":50},"end":{"line":66,"column":null}},"line":62},"6":{"name":"(anonymous_6)","decl":{"start":{"line":67,"column":10},"end":{"line":67,"column":27}},"loc":{"start":{"line":67,"column":48},"end":{"line":71,"column":null}},"line":67},"7":{"name":"(anonymous_7)","decl":{"start":{"line":75,"column":4},"end":{"line":75,"column":17}},"loc":{"start":{"line":75,"column":17},"end":{"line":78,"column":null}},"line":75},"8":{"name":"(anonymous_8)","decl":{"start":{"line":131,"column":8},"end":{"line":131,"column":23}},"loc":{"start":{"line":131,"column":23},"end":{"line":134,"column":null}},"line":131},"9":{"name":"(anonymous_9)","decl":{"start":{"line":142,"column":8},"end":{"line":142,"column":23}},"loc":{"start":{"line":142,"column":23},"end":{"line":145,"column":null}},"line":142},"10":{"name":"(anonymous_10)","decl":{"start":{"line":155,"column":8},"end":{"line":155,"column":23}},"loc":{"start":{"line":155,"column":23},"end":{"line":160,"column":null}},"line":155}},"branchMap":{"0":{"loc":{"start":{"line":22,"column":29},"end":{"line":22,"column":47}},"type":"default-arg","locations":[{"start":{"line":22,"column":40},"end":{"line":22,"column":47}}],"line":22},"1":{"loc":{"start":{"line":34,"column":16},"end":{"line":34,"column":null}},"type":"cond-expr","locations":[{"start":{"line":34,"column":27},"end":{"line":34,"column":43}},{"start":{"line":34,"column":43},"end":{"line":34,"column":null}}],"line":34},"2":{"loc":{"start":{"line":39,"column":17},"end":{"line":39,"column":null}},"type":"cond-expr","locations":[{"start":{"line":39,"column":28},"end":{"line":39,"column":34}},{"start":{"line":39,"column":34},"end":{"line":39,"column":null}}],"line":39},"3":{"loc":{"start":{"line":42,"column":8},"end":{"line":42,"column":null}},"type":"if","locations":[{"start":{"line":42,"column":8},"end":{"line":42,"column":null}},{"start":{},"end":{}}],"line":42},"4":{"loc":{"start":{"line":63,"column":6},"end":{"line":65,"column":null}},"type":"if","locations":[{"start":{"line":63,"column":6},"end":{"line":65,"column":null}},{"start":{},"end":{}}],"line":63},"5":{"loc":{"start":{"line":63,"column":10},"end":{"line":63,"column":74}},"type":"binary-expr","locations":[{"start":{"line":63,"column":10},"end":{"line":63,"column":29}},{"start":{"line":63,"column":29},"end":{"line":63,"column":74}}],"line":63},"6":{"loc":{"start":{"line":68,"column":6},"end":{"line":70,"column":null}},"type":"if","locations":[{"start":{"line":68,"column":6},"end":{"line":70,"column":null}},{"start":{},"end":{}}],"line":68},"7":{"loc":{"start":{"line":127,"column":113},"end":{"line":127,"column":161}},"type":"binary-expr","locations":[{"start":{"line":127,"column":113},"end":{"line":127,"column":126}},{"start":{"line":127,"column":126},"end":{"line":127,"column":161}}],"line":127},"8":{"loc":{"start":{"line":146,"column":15},"end":{"line":146,"column":null}},"type":"cond-expr","locations":[{"start":{"line":146,"column":29},"end":{"line":146,"column":41}},{"start":{"line":146,"column":41},"end":{"line":146,"column":null}}],"line":146},"9":{"loc":{"start":{"line":149,"column":9},"end":{"line":149,"column":null}},"type":"cond-expr","locations":[{"start":{"line":149,"column":23},"end":{"line":149,"column":49}},{"start":{"line":149,"column":49},"end":{"line":149,"column":null}}],"line":149},"10":{"loc":{"start":{"line":156,"column":10},"end":{"line":159,"column":null}},"type":"if","locations":[{"start":{"line":156,"column":10},"end":{"line":159,"column":null}},{"start":{},"end":{}}],"line":156},"11":{"loc":{"start":{"line":162,"column":15},"end":{"line":162,"column":null}},"type":"cond-expr","locations":[{"start":{"line":162,"column":29},"end":{"line":162,"column":41}},{"start":{"line":162,"column":41},"end":{"line":162,"column":null}}],"line":162}},"s":{"0":15,"1":0,"2":0,"3":0,"4":5,"5":5,"6":5,"7":5,"8":0,"9":0,"10":5,"11":1,"12":1,"13":5,"14":5,"15":5,"16":5,"17":5,"18":5,"19":5,"20":5,"21":1,"22":1,"23":1,"24":1,"25":0,"26":0,"27":0},"f":{"0":15,"1":0,"2":0,"3":5,"4":5,"5":0,"6":1,"7":5,"8":1,"9":1,"10":0},"b":{"0":[15],"1":[1,14],"2":[1,14],"3":[0,0],"4":[0,0],"5":[0,0],"6":[1,0],"7":[5,0],"8":[1,4],"9":[1,4],"10":[0,0],"11":[1,4]},"meta":{"lastBranch":12,"lastFunction":11,"lastStatement":28,"seen":{"f:22:9:22:18":0,"b:22:40:22:47":0,"s:23:2:47:Infinity":0,"b:34:27:34:43:34:43:34:Infinity":1,"b:39:28:39:34:39:34:39:Infinity":2,"f:41:6:41:21":1,"b:42:8:42:Infinity:undefined:undefined:undefined:undefined":3,"s:42:8:42:Infinity":1,"s:42:23:42:Infinity":2,"f:44:6:44:21":2,"s:44:28:44:Infinity":3,"f:57:16:57:32":3,"s:58:16:58:24":4,"s:59:18:59:Infinity":5,"s:61:2:79:Infinity":6,"f:61:2:61:18":4,"s:62:10:66:Infinity":7,"f:62:10:62:32":5,"b:63:6:65:Infinity:undefined:undefined:undefined:undefined":4,"s:63:6:65:Infinity":8,"b:63:10:63:29:63:29:63:74":5,"s:64:8:64:Infinity":9,"s:67:10:71:Infinity":10,"f:67:10:67:27":6,"b:68:6:70:Infinity:undefined:undefined:undefined:undefined":6,"s:68:6:70:Infinity":11,"s:69:8:69:Infinity":12,"s:73:4:73:Infinity":13,"s:74:4:74:Infinity":14,"s:75:4:78:Infinity":15,"f:75:4:75:17":7,"s:76:6:76:Infinity":16,"s:77:6:77:Infinity":17,"s:81:20:81:Infinity":18,"s:82:20:82:Infinity":19,"s:84:2:167:Infinity":20,"b:127:113:127:126:127:126:127:161":7,"f:131:8:131:23":8,"s:132:10:132:Infinity":21,"s:133:10:133:Infinity":22,"f:142:8:142:23":9,"s:143:10:143:Infinity":23,"s:144:10:144:Infinity":24,"b:146:29:146:41:146:41:146:Infinity":8,"b:149:23:149:49:149:49:149:Infinity":9,"f:155:8:155:23":10,"b:156:10:159:Infinity:undefined:undefined:undefined:undefined":10,"s:156:10:159:Infinity":25,"s:157:12:157:Infinity":26,"s:158:12:158:Infinity":27,"b:162:29:162:41:162:41:162:Infinity":11},"fnNames":{}}}
,"/home/max/root/Code-Root/fortgeschrittene-programmierung/frontend/src/components/BodyDialog/BodyDialog.tsx": {"path":"/home/max/root/Code-Root/fortgeschrittene-programmierung/frontend/src/components/BodyDialog/BodyDialog.tsx","statementMap":{"0":{"start":{"line":21,"column":34},"end":{"line":21,"column":null}},"1":{"start":{"line":22,"column":16},"end":{"line":22,"column":24}},"2":{"start":{"line":24,"column":20},"end":{"line":24,"column":null}},"3":{"start":{"line":24,"column":35},"end":{"line":24,"column":64}},"4":{"start":{"line":25,"column":26},"end":{"line":25,"column":null}},"5":{"start":{"line":26,"column":30},"end":{"line":26,"column":null}},"6":{"start":{"line":27,"column":26},"end":{"line":27,"column":null}},"7":{"start":{"line":28,"column":30},"end":{"line":28,"column":null}},"8":{"start":{"line":29,"column":30},"end":{"line":29,"column":null}},"9":{"start":{"line":30,"column":28},"end":{"line":30,"column":null}},"10":{"start":{"line":31,"column":30},"end":{"line":31,"column":null}},"11":{"start":{"line":33,"column":2},"end":{"line":40,"column":null}},"12":{"start":{"line":34,"column":4},"end":{"line":39,"column":null}},"13":{"start":{"line":35,"column":19},"end":{"line":35,"column":null}},"14":{"start":{"line":36,"column":6},"end":{"line":36,"column":null}},"15":{"start":{"line":37,"column":6},"end":{"line":37,"column":null}},"16":{"start":{"line":38,"column":6},"end":{"line":38,"column":null}},"17":{"start":{"line":38,"column":31},"end":{"line":38,"column":null}},"18":{"start":{"line":42,"column":2},"end":{"line":48,"column":null}},"19":{"start":{"line":43,"column":10},"end":{"line":45,"column":null}},"20":{"start":{"line":44,"column":6},"end":{"line":44,"column":null}},"21":{"start":{"line":44,"column":30},"end":{"line":44,"column":null}},"22":{"start":{"line":46,"column":4},"end":{"line":46,"column":null}},"23":{"start":{"line":47,"column":4},"end":{"line":47,"column":null}},"24":{"start":{"line":47,"column":17},"end":{"line":47,"column":null}},"25":{"start":{"line":50,"column":8},"end":{"line":52,"column":null}},"26":{"start":{"line":51,"column":4},"end":{"line":51,"column":null}},"27":{"start":{"line":54,"column":29},"end":{"line":54,"column":null}},"28":{"start":{"line":55,"column":44},"end":{"line":55,"column":null}},"29":{"start":{"line":55,"column":79},"end":{"line":55,"column":126}},"30":{"start":{"line":57,"column":2},"end":{"line":132,"column":null}},"31":{"start":{"line":59,"column":48},"end":{"line":59,"column":null}},"32":{"start":{"line":83,"column":12},"end":{"line":83,"column":null}},"33":{"start":{"line":84,"column":12},"end":{"line":84,"column":null}},"34":{"start":{"line":84,"column":37},"end":{"line":84,"column":null}},"35":{"start":{"line":88,"column":33},"end":{"line":88,"column":null}},"36":{"start":{"line":91,"column":12},"end":{"line":91,"column":null}},"37":{"start":{"line":92,"column":12},"end":{"line":92,"column":null}},"38":{"start":{"line":100,"column":12},"end":{"line":100,"column":null}},"39":{"start":{"line":101,"column":12},"end":{"line":101,"column":null}},"40":{"start":{"line":107,"column":87},"end":{"line":107,"column":116}}},"fnMap":{"0":{"name":"BodyDialog","decl":{"start":{"line":20,"column":16},"end":{"line":20,"column":27}},"loc":{"start":{"line":20,"column":51},"end":{"line":134,"column":null}},"line":20},"1":{"name":"(anonymous_1)","decl":{"start":{"line":24,"column":20},"end":{"line":24,"column":35}},"loc":{"start":{"line":24,"column":35},"end":{"line":24,"column":64}},"line":24},"2":{"name":"(anonymous_2)","decl":{"start":{"line":33,"column":2},"end":{"line":33,"column":18}},"loc":{"start":{"line":33,"column":18},"end":{"line":40,"column":5}},"line":33},"3":{"name":"(anonymous_3)","decl":{"start":{"line":42,"column":2},"end":{"line":42,"column":18}},"loc":{"start":{"line":42,"column":18},"end":{"line":48,"column":5}},"line":42},"4":{"name":"(anonymous_4)","decl":{"start":{"line":43,"column":10},"end":{"line":43,"column":27}},"loc":{"start":{"line":43,"column":48},"end":{"line":45,"column":null}},"line":43},"5":{"name":"(anonymous_5)","decl":{"start":{"line":47,"column":4},"end":{"line":47,"column":17}},"loc":{"start":{"line":47,"column":17},"end":{"line":47,"column":null}},"line":47},"6":{"name":"(anonymous_6)","decl":{"start":{"line":50,"column":8},"end":{"line":50,"column":30}},"loc":{"start":{"line":50,"column":30},"end":{"line":52,"column":null}},"line":50},"7":{"name":"(anonymous_7)","decl":{"start":{"line":55,"column":63},"end":{"line":55,"column":68}},"loc":{"start":{"line":55,"column":79},"end":{"line":55,"column":126}},"line":55},"8":{"name":"(anonymous_8)","decl":{"start":{"line":59,"column":32},"end":{"line":59,"column":42}},"loc":{"start":{"line":59,"column":48},"end":{"line":59,"column":null}},"line":59},"9":{"name":"(anonymous_9)","decl":{"start":{"line":82,"column":10},"end":{"line":82,"column":25}},"loc":{"start":{"line":82,"column":31},"end":{"line":85,"column":null}},"line":82},"10":{"name":"(anonymous_10)","decl":{"start":{"line":88,"column":10},"end":{"line":88,"column":27}},"loc":{"start":{"line":88,"column":33},"end":{"line":88,"column":null}},"line":88},"11":{"name":"(anonymous_11)","decl":{"start":{"line":90,"column":10},"end":{"line":90,"column":25}},"loc":{"start":{"line":90,"column":31},"end":{"line":93,"column":null}},"line":90},"12":{"name":"(anonymous_12)","decl":{"start":{"line":99,"column":10},"end":{"line":99,"column":26}},"loc":{"start":{"line":99,"column":32},"end":{"line":102,"column":null}},"line":99},"13":{"name":"(anonymous_13)","decl":{"start":{"line":107,"column":70},"end":{"line":107,"column":81}},"loc":{"start":{"line":107,"column":87},"end":{"line":107,"column":116}},"line":107}},"branchMap":{"0":{"loc":{"start":{"line":34,"column":4},"end":{"line":39,"column":null}},"type":"if","locations":[{"start":{"line":34,"column":4},"end":{"line":39,"column":null}},{"start":{},"end":{}}],"line":34},"1":{"loc":{"start":{"line":38,"column":6},"end":{"line":38,"column":null}},"type":"if","locations":[{"start":{"line":38,"column":6},"end":{"line":38,"column":null}},{"start":{},"end":{}}],"line":38},"2":{"loc":{"start":{"line":44,"column":6},"end":{"line":44,"column":null}},"type":"if","locations":[{"start":{"line":44,"column":6},"end":{"line":44,"column":null}},{"start":{},"end":{}}],"line":44},"3":{"loc":{"start":{"line":54,"column":29},"end":{"line":54,"column":null}},"type":"cond-expr","locations":[{"start":{"line":54,"column":50},"end":{"line":54,"column":72}},{"start":{"line":54,"column":72},"end":{"line":54,"column":null}}],"line":54},"4":{"loc":{"start":{"line":58,"column":63},"end":{"line":58,"column":null}},"type":"cond-expr","locations":[{"start":{"line":58,"column":84},"end":{"line":58,"column":105}},{"start":{"line":58,"column":105},"end":{"line":58,"column":null}}],"line":58},"5":{"loc":{"start":{"line":69,"column":11},"end":{"line":69,"column":null}},"type":"cond-expr","locations":[{"start":{"line":69,"column":32},"end":{"line":69,"column":60}},{"start":{"line":69,"column":60},"end":{"line":69,"column":null}}],"line":69},"6":{"loc":{"start":{"line":84,"column":12},"end":{"line":84,"column":null}},"type":"if","locations":[{"start":{"line":84,"column":12},"end":{"line":84,"column":null}},{"start":{},"end":{}}],"line":84},"7":{"loc":{"start":{"line":105,"column":9},"end":{"line":111,"column":null}},"type":"binary-expr","locations":[{"start":{"line":105,"column":9},"end":{"line":105,"column":null}},{"start":{"line":106,"column":10},"end":{"line":111,"column":null}}],"line":105},"8":{"loc":{"start":{"line":115,"column":120},"end":{"line":115,"column":160}},"type":"cond-expr","locations":[{"start":{"line":115,"column":141},"end":{"line":115,"column":153}},{"start":{"line":115,"column":153},"end":{"line":115,"column":160}}],"line":115},"9":{"loc":{"start":{"line":125,"column":18},"end":{"line":125,"column":null}},"type":"cond-expr","locations":[{"start":{"line":125,"column":39},"end":{"line":125,"column":44}},{"start":{"line":125,"column":44},"end":{"line":125,"column":null}}],"line":125}},"s":{"0":5,"1":5,"2":5,"3":3,"4":5,"5":5,"6":5,"7":5,"8":5,"9":5,"10":5,"11":5,"12":3,"13":0,"14":0,"15":0,"16":0,"17":0,"18":5,"19":3,"20":1,"21":1,"22":3,"23":3,"24":3,"25":5,"26":1,"27":5,"28":5,"29":30,"30":5,"31":3,"32":1,"33":1,"34":0,"35":0,"36":0,"37":0,"38":0,"39":0,"40":1},"f":{"0":5,"1":3,"2":3,"3":3,"4":1,"5":3,"6":1,"7":30,"8":3,"9":1,"10":0,"11":0,"12":0,"13":1},"b":{"0":[0,3],"1":[0,0],"2":[1,0],"3":[5,0],"4":[5,0],"5":[5,0],"6":[0,1],"7":[5,5],"8":[5,0],"9":[5,0]},"meta":{"lastBranch":10,"lastFunction":14,"lastStatement":41,"seen":{"f:20:16:20:27":0,"s:21:34:21:Infinity":0,"s:22:16:22:24":1,"s:24:20:24:Infinity":2,"f:24:20:24:35":1,"s:24:35:24:64":3,"s:25:26:25:Infinity":4,"s:26:30:26:Infinity":5,"s:27:26:27:Infinity":6,"s:28:30:28:Infinity":7,"s:29:30:29:Infinity":8,"s:30:28:30:Infinity":9,"s:31:30:31:Infinity":10,"s:33:2:40:Infinity":11,"f:33:2:33:18":2,"b:34:4:39:Infinity:undefined:undefined:undefined:undefined":0,"s:34:4:39:Infinity":12,"s:35:19:35:Infinity":13,"s:36:6:36:Infinity":14,"s:37:6:37:Infinity":15,"b:38:6:38:Infinity:undefined:undefined:undefined:undefined":1,"s:38:6:38:Infinity":16,"s:38:31:38:Infinity":17,"s:42:2:48:Infinity":18,"f:42:2:42:18":3,"s:43:10:45:Infinity":19,"f:43:10:43:27":4,"b:44:6:44:Infinity:undefined:undefined:undefined:undefined":2,"s:44:6:44:Infinity":20,"s:44:30:44:Infinity":21,"s:46:4:46:Infinity":22,"s:47:4:47:Infinity":23,"f:47:4:47:17":5,"s:47:17:47:Infinity":24,"s:50:8:52:Infinity":25,"f:50:8:50:30":6,"s:51:4:51:Infinity":26,"s:54:29:54:Infinity":27,"b:54:50:54:72:54:72:54:Infinity":3,"s:55:44:55:Infinity":28,"f:55:63:55:68":7,"s:55:79:55:126":29,"s:57:2:132:Infinity":30,"b:58:84:58:105:58:105:58:Infinity":4,"f:59:32:59:42":8,"s:59:48:59:Infinity":31,"b:69:32:69:60:69:60:69:Infinity":5,"f:82:10:82:25":9,"s:83:12:83:Infinity":32,"b:84:12:84:Infinity:undefined:undefined:undefined:undefined":6,"s:84:12:84:Infinity":33,"s:84:37:84:Infinity":34,"f:88:10:88:27":10,"s:88:33:88:Infinity":35,"f:90:10:90:25":11,"s:91:12:91:Infinity":36,"s:92:12:92:Infinity":37,"f:99:10:99:26":12,"s:100:12:100:Infinity":38,"s:101:12:101:Infinity":39,"b:105:9:105:Infinity:106:10:111:Infinity":7,"f:107:70:107:81":13,"s:107:87:107:116":40,"b:115:141:115:153:115:153:115:160":8,"b:125:39:125:44:125:44:125:Infinity":9},"fnNames":{}}}
,"/home/max/root/Code-Root/fortgeschrittene-programmierung/frontend/src/components/BodyDialog/bodyDialogLogic.ts": {"path":"/home/max/root/Code-Root/fortgeschrittene-programmierung/frontend/src/components/BodyDialog/bodyDialogLogic.ts","statementMap":{"0":{"start":{"line":16,"column":2},"end":{"line":16,"column":null}},"1":{"start":{"line":19,"column":31},"end":{"line":25,"column":null}},"2":{"start":{"line":27,"column":6},"end":{"line":31,"column":null}},"3":{"start":{"line":28,"column":2},"end":{"line":28,"column":null}},"4":{"start":{"line":28,"column":20},"end":{"line":28,"column":null}},"5":{"start":{"line":29,"column":2},"end":{"line":29,"column":null}},"6":{"start":{"line":29,"column":20},"end":{"line":29,"column":null}},"7":{"start":{"line":30,"column":2},"end":{"line":30,"column":null}},"8":{"start":{"line":33,"column":6},"end":{"line":36,"column":null}},"9":{"start":{"line":34,"column":16},"end":{"line":34,"column":null}},"10":{"start":{"line":35,"column":2},"end":{"line":35,"column":null}},"11":{"start":{"line":38,"column":64},"end":{"line":38,"column":null}},"12":{"start":{"line":39,"column":65},"end":{"line":39,"column":null}},"13":{"start":{"line":53,"column":2},"end":{"line":63,"column":null}},"14":{"start":{"line":54,"column":4},"end":{"line":62,"column":null}},"15":{"start":{"line":64,"column":19},"end":{"line":64,"column":null}},"16":{"start":{"line":65,"column":2},"end":{"line":73,"column":null}},"17":{"start":{"line":87,"column":17},"end":{"line":87,"column":null}},"18":{"start":{"line":88,"column":20},"end":{"line":88,"column":null}},"19":{"start":{"line":89,"column":37},"end":{"line":89,"column":null}},"20":{"start":{"line":91,"column":2},"end":{"line":93,"column":null}},"21":{"start":{"line":92,"column":4},"end":{"line":92,"column":null}},"22":{"start":{"line":94,"column":2},"end":{"line":103,"column":null}}},"fnMap":{"0":{"name":"isEditProps","decl":{"start":{"line":15,"column":16},"end":{"line":15,"column":28}},"loc":{"start":{"line":15,"column":105},"end":{"line":17,"column":null}},"line":15},"1":{"name":"(anonymous_1)","decl":{"start":{"line":27,"column":6},"end":{"line":27,"column":24}},"loc":{"start":{"line":27,"column":41},"end":{"line":31,"column":null}},"line":27},"2":{"name":"(anonymous_2)","decl":{"start":{"line":33,"column":6},"end":{"line":33,"column":30}},"loc":{"start":{"line":33,"column":69},"end":{"line":36,"column":null}},"line":33},"3":{"name":"getInitialFormState","decl":{"start":{"line":52,"column":16},"end":{"line":52,"column":36}},"loc":{"start":{"line":52,"column":106},"end":{"line":74,"column":null}},"line":52},"4":{"name":"buildConfirmedBody","decl":{"start":{"line":86,"column":16},"end":{"line":86,"column":35}},"loc":{"start":{"line":86,"column":101},"end":{"line":104,"column":null}},"line":86}},"branchMap":{"0":{"loc":{"start":{"line":28,"column":2},"end":{"line":28,"column":null}},"type":"if","locations":[{"start":{"line":28,"column":2},"end":{"line":28,"column":null}},{"start":{},"end":{}}],"line":28},"1":{"loc":{"start":{"line":29,"column":2},"end":{"line":29,"column":null}},"type":"if","locations":[{"start":{"line":29,"column":2},"end":{"line":29,"column":null}},{"start":{},"end":{}}],"line":29},"2":{"loc":{"start":{"line":35,"column":9},"end":{"line":35,"column":null}},"type":"cond-expr","locations":[{"start":{"line":35,"column":21},"end":{"line":35,"column":35}},{"start":{"line":35,"column":35},"end":{"line":35,"column":null}}],"line":35},"3":{"loc":{"start":{"line":53,"column":2},"end":{"line":63,"column":null}},"type":"if","locations":[{"start":{"line":53,"column":2},"end":{"line":63,"column":null}},{"start":{},"end":{}}],"line":53},"4":{"loc":{"start":{"line":55,"column":12},"end":{"line":55,"column":null}},"type":"binary-expr","locations":[{"start":{"line":55,"column":12},"end":{"line":55,"column":31}},{"start":{"line":55,"column":31},"end":{"line":55,"column":null}}],"line":55},"5":{"loc":{"start":{"line":64,"column":19},"end":{"line":64,"column":null}},"type":"binary-expr","locations":[{"start":{"line":64,"column":19},"end":{"line":64,"column":44}},{"start":{"line":64,"column":44},"end":{"line":64,"column":null}}],"line":64},"6":{"loc":{"start":{"line":91,"column":2},"end":{"line":93,"column":null}},"type":"if","locations":[{"start":{"line":91,"column":2},"end":{"line":93,"column":null}},{"start":{},"end":{}}],"line":91}},"s":{"0":35,"1":5,"2":5,"3":1,"4":0,"5":1,"6":0,"7":1,"8":5,"9":3,"10":3,"11":5,"12":5,"13":3,"14":3,"15":0,"16":3,"17":1,"18":1,"19":1,"20":1,"21":1,"22":0},"f":{"0":35,"1":1,"2":3,"3":3,"4":1},"b":{"0":[0,1],"1":[0,1],"2":[0,3],"3":[3,0],"4":[3,0],"5":[0,0],"6":[1,0]},"meta":{"lastBranch":7,"lastFunction":5,"lastStatement":23,"seen":{"f:15:16:15:28":0,"s:16:2:16:Infinity":0,"s:19:31:25:Infinity":1,"s:27:6:31:Infinity":2,"f:27:6:27:24":1,"b:28:2:28:Infinity:undefined:undefined:undefined:undefined":0,"s:28:2:28:Infinity":3,"s:28:20:28:Infinity":4,"b:29:2:29:Infinity:undefined:undefined:undefined:undefined":1,"s:29:2:29:Infinity":5,"s:29:20:29:Infinity":6,"s:30:2:30:Infinity":7,"s:33:6:36:Infinity":8,"f:33:6:33:30":2,"s:34:16:34:Infinity":9,"s:35:2:35:Infinity":10,"b:35:21:35:35:35:35:35:Infinity":2,"s:38:64:38:Infinity":11,"s:39:65:39:Infinity":12,"f:52:16:52:36":3,"b:53:2:63:Infinity:undefined:undefined:undefined:undefined":3,"s:53:2:63:Infinity":13,"s:54:4:62:Infinity":14,"b:55:12:55:31:55:31:55:Infinity":4,"s:64:19:64:Infinity":15,"b:64:19:64:44:64:44:64:Infinity":5,"s:65:2:73:Infinity":16,"f:86:16:86:35":4,"s:87:17:87:Infinity":17,"s:88:20:88:Infinity":18,"s:89:37:89:Infinity":19,"b:91:2:93:Infinity:undefined:undefined:undefined:undefined":6,"s:91:2:93:Infinity":20,"s:92:4:92:Infinity":21,"s:94:2:103:Infinity":22},"fnNames":{}}}
,"/home/max/root/Code-Root/fortgeschrittene-programmierung/frontend/src/components/BodyEditDialog/BodyEditDialog.tsx": {"path":"/home/max/root/Code-Root/fortgeschrittene-programmierung/frontend/src/components/BodyEditDialog/BodyEditDialog.tsx","statementMap":{"0":{"start":{"line":14,"column":2},"end":{"line":14,"column":null}}},"fnMap":{"0":{"name":"BodyEditDialog","decl":{"start":{"line":13,"column":16},"end":{"line":13,"column":31}},"loc":{"start":{"line":13,"column":83},"end":{"line":15,"column":null}},"line":13}},"branchMap":{},"s":{"0":3},"f":{"0":3},"b":{},"meta":{"lastBranch":0,"lastFunction":1,"lastStatement":1,"seen":{"f:13:16:13:31":0,"s:14:2:14:Infinity":0},"fnNames":{}}}
,"/home/max/root/Code-Root/fortgeschrittene-programmierung/frontend/src/components/BodyFieldsForm/BodyFieldsForm.tsx": {"path":"/home/max/root/Code-Root/fortgeschrittene-programmierung/frontend/src/components/BodyFieldsForm/BodyFieldsForm.tsx","statementMap":{"0":{"start":{"line":51,"column":2},"end":{"line":91,"column":null}},"1":{"start":{"line":55,"column":57},"end":{"line":55,"column":87}},"2":{"start":{"line":60,"column":48},"end":{"line":60,"column":80}},"3":{"start":{"line":62,"column":12},"end":{"line":64,"column":null}},"4":{"start":{"line":71,"column":70},"end":{"line":71,"column":117}},"5":{"start":{"line":76,"column":72},"end":{"line":76,"column":121}},"6":{"start":{"line":81,"column":88},"end":{"line":81,"column":137}},"7":{"start":{"line":87,"column":61},"end":{"line":87,"column":92}}},"fnMap":{"0":{"name":"BodyFieldsForm","decl":{"start":{"line":35,"column":16},"end":{"line":35,"column":31}},"loc":{"start":{"line":50,"column":24},"end":{"line":93,"column":null}},"line":50},"1":{"name":"(anonymous_1)","decl":{"start":{"line":55,"column":40},"end":{"line":55,"column":51}},"loc":{"start":{"line":55,"column":57},"end":{"line":55,"column":87}},"line":55},"2":{"name":"(anonymous_2)","decl":{"start":{"line":60,"column":31},"end":{"line":60,"column":42}},"loc":{"start":{"line":60,"column":48},"end":{"line":60,"column":80}},"line":60},"3":{"name":"(anonymous_3)","decl":{"start":{"line":61,"column":25},"end":{"line":61,"column":30}},"loc":{"start":{"line":62,"column":12},"end":{"line":64,"column":null}},"line":62},"4":{"name":"(anonymous_4)","decl":{"start":{"line":71,"column":53},"end":{"line":71,"column":64}},"loc":{"start":{"line":71,"column":70},"end":{"line":71,"column":117}},"line":71},"5":{"name":"(anonymous_5)","decl":{"start":{"line":76,"column":55},"end":{"line":76,"column":66}},"loc":{"start":{"line":76,"column":72},"end":{"line":76,"column":121}},"line":76},"6":{"name":"(anonymous_6)","decl":{"start":{"line":81,"column":71},"end":{"line":81,"column":82}},"loc":{"start":{"line":81,"column":88},"end":{"line":81,"column":137}},"line":81},"7":{"name":"(anonymous_7)","decl":{"start":{"line":87,"column":44},"end":{"line":87,"column":55}},"loc":{"start":{"line":87,"column":61},"end":{"line":87,"column":92}},"line":87}},"branchMap":{"0":{"loc":{"start":{"line":71,"column":83},"end":{"line":71,"column":114}},"type":"binary-expr","locations":[{"start":{"line":71,"column":83},"end":{"line":71,"column":113}},{"start":{"line":71,"column":113},"end":{"line":71,"column":114}}],"line":71},"1":{"loc":{"start":{"line":76,"column":87},"end":{"line":76,"column":118}},"type":"binary-expr","locations":[{"start":{"line":76,"column":87},"end":{"line":76,"column":117}},{"start":{"line":76,"column":117},"end":{"line":76,"column":118}}],"line":76},"2":{"loc":{"start":{"line":81,"column":103},"end":{"line":81,"column":134}},"type":"binary-expr","locations":[{"start":{"line":81,"column":103},"end":{"line":81,"column":133}},{"start":{"line":81,"column":133},"end":{"line":81,"column":134}}],"line":81}},"s":{"0":5,"1":1,"2":0,"3":30,"4":0,"5":0,"6":0,"7":0},"f":{"0":5,"1":1,"2":0,"3":30,"4":0,"5":0,"6":0,"7":0},"b":{"0":[0,0],"1":[0,0],"2":[0,0]},"meta":{"lastBranch":3,"lastFunction":8,"lastStatement":8,"seen":{"f:35:16:35:31":0,"s:51:2:91:Infinity":0,"f:55:40:55:51":1,"s:55:57:55:87":1,"f:60:31:60:42":2,"s:60:48:60:80":2,"f:61:25:61:30":3,"s:62:12:64:Infinity":3,"f:71:53:71:64":4,"s:71:70:71:117":4,"b:71:83:71:113:71:113:71:114":0,"f:76:55:76:66":5,"s:76:72:76:121":5,"b:76:87:76:117:76:117:76:118":1,"f:81:71:81:82":6,"s:81:88:81:137":6,"b:81:103:81:133:81:133:81:134":2,"f:87:44:87:55":7,"s:87:61:87:92":7},"fnNames":{}}}
,"/home/max/root/Code-Root/fortgeschrittene-programmierung/frontend/src/components/BodyPlacementDialog/BodyPlacementDialog.tsx": {"path":"/home/max/root/Code-Root/fortgeschrittene-programmierung/frontend/src/components/BodyPlacementDialog/BodyPlacementDialog.tsx","statementMap":{"0":{"start":{"line":15,"column":2},"end":{"line":15,"column":null}}},"fnMap":{"0":{"name":"BodyPlacementDialog","decl":{"start":{"line":14,"column":16},"end":{"line":14,"column":36}},"loc":{"start":{"line":14,"column":114},"end":{"line":16,"column":null}},"line":14}},"branchMap":{},"s":{"0":0},"f":{"0":0},"b":{},"meta":{"lastBranch":0,"lastFunction":1,"lastStatement":1,"seen":{"f:14:16:14:36":0,"s:15:2:15:Infinity":0},"fnNames":{}}}
,"/home/max/root/Code-Root/fortgeschrittene-programmierung/frontend/src/components/BodyPlacementDialog/styles.ts": {"path":"/home/max/root/Code-Root/fortgeschrittene-programmierung/frontend/src/components/BodyPlacementDialog/styles.ts","statementMap":{"0":{"start":{"line":1,"column":29},"end":{"line":13,"column":null}},"1":{"start":{"line":15,"column":28},"end":{"line":27,"column":null}},"2":{"start":{"line":29,"column":27},"end":{"line":33,"column":null}},"3":{"start":{"line":35,"column":27},"end":{"line":41,"column":null}},"4":{"start":{"line":43,"column":27},"end":{"line":52,"column":null}},"5":{"start":{"line":54,"column":28},"end":{"line":62,"column":null}}},"fnMap":{},"branchMap":{},"s":{"0":5,"1":5,"2":5,"3":5,"4":5,"5":5},"f":{},"b":{},"meta":{"lastBranch":0,"lastFunction":0,"lastStatement":6,"seen":{"s:1:29:13:Infinity":0,"s:15:28:27:Infinity":1,"s:29:27:33:Infinity":2,"s:35:27:41:Infinity":3,"s:43:27:52:Infinity":4,"s:54:28:62:Infinity":5},"fnNames":{}}}
,"/home/max/root/Code-Root/fortgeschrittene-programmierung/frontend/src/components/Canvas/Canvas.tsx": {"path":"/home/max/root/Code-Root/fortgeschrittene-programmierung/frontend/src/components/Canvas/Canvas.tsx","statementMap":{"0":{"start":{"line":25,"column":2},"end":{"line":27,"column":null}},"1":{"start":{"line":26,"column":4},"end":{"line":26,"column":null}},"2":{"start":{"line":28,"column":2},"end":{"line":30,"column":null}},"3":{"start":{"line":29,"column":4},"end":{"line":29,"column":null}},"4":{"start":{"line":31,"column":2},"end":{"line":31,"column":null}},"5":{"start":{"line":36,"column":2},"end":{"line":36,"column":null}},"6":{"start":{"line":36,"column":18},"end":{"line":36,"column":null}},"7":{"start":{"line":37,"column":2},"end":{"line":37,"column":null}},"8":{"start":{"line":37,"column":22},"end":{"line":37,"column":null}},"9":{"start":{"line":38,"column":2},"end":{"line":38,"column":null}},"10":{"start":{"line":38,"column":23},"end":{"line":38,"column":null}},"11":{"start":{"line":39,"column":2},"end":{"line":39,"column":null}},"12":{"start":{"line":77,"column":2},"end":{"line":86,"column":null}},"13":{"start":{"line":94,"column":20},"end":{"line":94,"column":null}},"14":{"start":{"line":95,"column":22},"end":{"line":95,"column":null}},"15":{"start":{"line":97,"column":126},"end":{"line":97,"column":147}},"16":{"start":{"line":98,"column":26},"end":{"line":98,"column":null}},"17":{"start":{"line":121,"column":6},"end":{"line":121,"column":null}},"18":{"start":{"line":123,"column":2},"end":{"line":130,"column":null}},"19":{"start":{"line":124,"column":4},"end":{"line":124,"column":null}},"20":{"start":{"line":124,"column":28},"end":{"line":124,"column":null}},"21":{"start":{"line":125,"column":4},"end":{"line":125,"column":null}},"22":{"start":{"line":125,"column":30},"end":{"line":125,"column":null}},"23":{"start":{"line":127,"column":20},"end":{"line":127,"column":null}},"24":{"start":{"line":129,"column":4},"end":{"line":129,"column":null}},"25":{"start":{"line":132,"column":2},"end":{"line":180,"column":null}},"26":{"start":{"line":154,"column":34},"end":{"line":154,"column":null}},"27":{"start":{"line":155,"column":23},"end":{"line":155,"column":null}},"28":{"start":{"line":156,"column":29},"end":{"line":156,"column":null}},"29":{"start":{"line":157,"column":25},"end":{"line":157,"column":null}},"30":{"start":{"line":160,"column":10},"end":{"line":160,"column":null}},"31":{"start":{"line":161,"column":10},"end":{"line":161,"column":null}},"32":{"start":{"line":163,"column":28},"end":{"line":163,"column":null}},"33":{"start":{"line":168,"column":10},"end":{"line":168,"column":null}},"34":{"start":{"line":169,"column":10},"end":{"line":169,"column":null}},"35":{"start":{"line":170,"column":10},"end":{"line":170,"column":null}},"36":{"start":{"line":171,"column":10},"end":{"line":171,"column":null}},"37":{"start":{"line":171,"column":35},"end":{"line":171,"column":null}},"38":{"start":{"line":174,"column":10},"end":{"line":174,"column":null}},"39":{"start":{"line":175,"column":10},"end":{"line":175,"column":null}},"40":{"start":{"line":176,"column":10},"end":{"line":176,"column":null}},"41":{"start":{"line":177,"column":10},"end":{"line":177,"column":null}},"42":{"start":{"line":177,"column":33},"end":{"line":177,"column":null}}},"fnMap":{"0":{"name":"computePlacementPreview","decl":{"start":{"line":19,"column":9},"end":{"line":19,"column":null}},"loc":{"start":{"line":24,"column":105},"end":{"line":32,"column":null}},"line":24},"1":{"name":"getCanvasCursor","decl":{"start":{"line":35,"column":9},"end":{"line":35,"column":25}},"loc":{"start":{"line":35,"column":105},"end":{"line":40,"column":null}},"line":35},"2":{"name":"CanvasOverlays","decl":{"start":{"line":62,"column":9},"end":{"line":62,"column":24}},"loc":{"start":{"line":76,"column":24},"end":{"line":88,"column":null}},"line":76},"3":{"name":"Canvas","decl":{"start":{"line":93,"column":16},"end":{"line":93,"column":23}},"loc":{"start":{"line":93,"column":123},"end":{"line":182,"column":null}},"line":93},"4":{"name":"(anonymous_4)","decl":{"start":{"line":123,"column":2},"end":{"line":123,"column":18}},"loc":{"start":{"line":123,"column":18},"end":{"line":130,"column":5}},"line":123},"5":{"name":"(anonymous_5)","decl":{"start":{"line":154,"column":8},"end":{"line":154,"column":34}},"loc":{"start":{"line":154,"column":34},"end":{"line":154,"column":null}},"line":154},"6":{"name":"(anonymous_6)","decl":{"start":{"line":155,"column":8},"end":{"line":155,"column":17}},"loc":{"start":{"line":155,"column":23},"end":{"line":155,"column":null}},"line":155},"7":{"name":"(anonymous_7)","decl":{"start":{"line":156,"column":8},"end":{"line":156,"column":23}},"loc":{"start":{"line":156,"column":29},"end":{"line":156,"column":null}},"line":156},"8":{"name":"(anonymous_8)","decl":{"start":{"line":157,"column":8},"end":{"line":157,"column":19}},"loc":{"start":{"line":157,"column":25},"end":{"line":157,"column":null}},"line":157},"9":{"name":"(anonymous_9)","decl":{"start":{"line":159,"column":8},"end":{"line":159,"column":24}},"loc":{"start":{"line":159,"column":36},"end":{"line":162,"column":null}},"line":159},"10":{"name":"(anonymous_10)","decl":{"start":{"line":163,"column":8},"end":{"line":163,"column":28}},"loc":{"start":{"line":163,"column":28},"end":{"line":163,"column":null}},"line":163},"11":{"name":"(anonymous_11)","decl":{"start":{"line":167,"column":8},"end":{"line":167,"column":29}},"loc":{"start":{"line":167,"column":38},"end":{"line":172,"column":null}},"line":167},"12":{"name":"(anonymous_12)","decl":{"start":{"line":173,"column":8},"end":{"line":173,"column":39}},"loc":{"start":{"line":173,"column":39},"end":{"line":178,"column":null}},"line":173}},"branchMap":{"0":{"loc":{"start":{"line":25,"column":2},"end":{"line":27,"column":null}},"type":"if","locations":[{"start":{"line":25,"column":2},"end":{"line":27,"column":null}},{"start":{},"end":{}}],"line":25},"1":{"loc":{"start":{"line":25,"column":6},"end":{"line":25,"column":41}},"type":"binary-expr","locations":[{"start":{"line":25,"column":6},"end":{"line":25,"column":25}},{"start":{"line":25,"column":25},"end":{"line":25,"column":41}}],"line":25},"2":{"loc":{"start":{"line":28,"column":2},"end":{"line":30,"column":null}},"type":"if","locations":[{"start":{"line":28,"column":2},"end":{"line":30,"column":null}},{"start":{},"end":{}}],"line":28},"3":{"loc":{"start":{"line":28,"column":6},"end":{"line":28,"column":40}},"type":"binary-expr","locations":[{"start":{"line":28,"column":6},"end":{"line":28,"column":25}},{"start":{"line":28,"column":25},"end":{"line":28,"column":40}}],"line":28},"4":{"loc":{"start":{"line":36,"column":2},"end":{"line":36,"column":null}},"type":"if","locations":[{"start":{"line":36,"column":2},"end":{"line":36,"column":null}},{"start":{},"end":{}}],"line":36},"5":{"loc":{"start":{"line":37,"column":2},"end":{"line":37,"column":null}},"type":"if","locations":[{"start":{"line":37,"column":2},"end":{"line":37,"column":null}},{"start":{},"end":{}}],"line":37},"6":{"loc":{"start":{"line":38,"column":2},"end":{"line":38,"column":null}},"type":"if","locations":[{"start":{"line":38,"column":2},"end":{"line":38,"column":null}},{"start":{},"end":{}}],"line":38},"7":{"loc":{"start":{"line":79,"column":7},"end":{"line":80,"column":null}},"type":"binary-expr","locations":[{"start":{"line":79,"column":7},"end":{"line":79,"column":null}},{"start":{"line":80,"column":8},"end":{"line":80,"column":null}}],"line":79},"8":{"loc":{"start":{"line":83,"column":7},"end":{"line":83,"column":null}},"type":"binary-expr","locations":[{"start":{"line":83,"column":7},"end":{"line":83,"column":22}},{"start":{"line":83,"column":22},"end":{"line":83,"column":null}}],"line":83},"9":{"loc":{"start":{"line":85,"column":7},"end":{"line":85,"column":null}},"type":"binary-expr","locations":[{"start":{"line":85,"column":7},"end":{"line":85,"column":30}},{"start":{"line":85,"column":30},"end":{"line":85,"column":48}},{"start":{"line":85,"column":48},"end":{"line":85,"column":null}}],"line":85},"10":{"loc":{"start":{"line":93,"column":25},"end":{"line":93,"column":43}},"type":"default-arg","locations":[{"start":{"line":93,"column":37},"end":{"line":93,"column":43}}],"line":93},"11":{"loc":{"start":{"line":93,"column":43},"end":{"line":93,"column":68}},"type":"default-arg","locations":[{"start":{"line":93,"column":61},"end":{"line":93,"column":68}}],"line":93},"12":{"loc":{"start":{"line":98,"column":26},"end":{"line":98,"column":null}},"type":"binary-expr","locations":[{"start":{"line":98,"column":26},"end":{"line":98,"column":39}},{"start":{"line":98,"column":39},"end":{"line":98,"column":null}}],"line":98},"13":{"loc":{"start":{"line":124,"column":4},"end":{"line":124,"column":null}},"type":"if","locations":[{"start":{"line":124,"column":4},"end":{"line":124,"column":null}},{"start":{},"end":{}}],"line":124},"14":{"loc":{"start":{"line":125,"column":4},"end":{"line":125,"column":null}},"type":"if","locations":[{"start":{"line":125,"column":4},"end":{"line":125,"column":null}},{"start":{},"end":{}}],"line":125},"15":{"loc":{"start":{"line":171,"column":10},"end":{"line":171,"column":null}},"type":"if","locations":[{"start":{"line":171,"column":10},"end":{"line":171,"column":null}},{"start":{},"end":{}}],"line":171},"16":{"loc":{"start":{"line":177,"column":10},"end":{"line":177,"column":null}},"type":"if","locations":[{"start":{"line":177,"column":10},"end":{"line":177,"column":null}},{"start":{},"end":{}}],"line":177}},"s":{"0":6,"1":0,"2":6,"3":0,"4":6,"5":6,"6":0,"7":6,"8":0,"9":6,"10":0,"11":6,"12":6,"13":6,"14":6,"15":6,"16":6,"17":6,"18":6,"19":6,"20":0,"21":6,"22":3,"23":6,"24":6,"25":6,"26":0,"27":0,"28":0,"29":0,"30":0,"31":0,"32":0,"33":0,"34":0,"35":0,"36":0,"37":0,"38":0,"39":0,"40":0,"41":0,"42":0},"f":{"0":6,"1":6,"2":6,"3":6,"4":6,"5":0,"6":0,"7":0,"8":0,"9":0,"10":0,"11":0,"12":0},"b":{"0":[0,6],"1":[6,0],"2":[0,6],"3":[6,0],"4":[0,6],"5":[0,6],"6":[0,6],"7":[6,0],"8":[6,0],"9":[6,0,0],"10":[6],"11":[6],"12":[6,6],"13":[0,6],"14":[3,3],"15":[0,0],"16":[0,0]},"meta":{"lastBranch":17,"lastFunction":13,"lastStatement":43,"seen":{"f:19:9:19:Infinity":0,"b:25:2:27:Infinity:undefined:undefined:undefined:undefined":0,"s:25:2:27:Infinity":0,"b:25:6:25:25:25:25:25:41":1,"s:26:4:26:Infinity":1,"b:28:2:30:Infinity:undefined:undefined:undefined:undefined":2,"s:28:2:30:Infinity":2,"b:28:6:28:25:28:25:28:40":3,"s:29:4:29:Infinity":3,"s:31:2:31:Infinity":4,"f:35:9:35:25":1,"b:36:2:36:Infinity:undefined:undefined:undefined:undefined":4,"s:36:2:36:Infinity":5,"s:36:18:36:Infinity":6,"b:37:2:37:Infinity:undefined:undefined:undefined:undefined":5,"s:37:2:37:Infinity":7,"s:37:22:37:Infinity":8,"b:38:2:38:Infinity:undefined:undefined:undefined:undefined":6,"s:38:2:38:Infinity":9,"s:38:23:38:Infinity":10,"s:39:2:39:Infinity":11,"f:62:9:62:24":2,"s:77:2:86:Infinity":12,"b:79:7:79:Infinity:80:8:80:Infinity":7,"b:83:7:83:22:83:22:83:Infinity":8,"b:85:7:85:30:85:30:85:48:85:48:85:Infinity":9,"f:93:16:93:23":3,"b:93:37:93:43":10,"b:93:61:93:68":11,"s:94:20:94:Infinity":13,"s:95:22:95:Infinity":14,"s:97:126:97:147":15,"s:98:26:98:Infinity":16,"b:98:26:98:39:98:39:98:Infinity":12,"s:121:6:121:Infinity":17,"s:123:2:130:Infinity":18,"f:123:2:123:18":4,"b:124:4:124:Infinity:undefined:undefined:undefined:undefined":13,"s:124:4:124:Infinity":19,"s:124:28:124:Infinity":20,"b:125:4:125:Infinity:undefined:undefined:undefined:undefined":14,"s:125:4:125:Infinity":21,"s:125:30:125:Infinity":22,"s:127:20:127:Infinity":23,"s:129:4:129:Infinity":24,"s:132:2:180:Infinity":25,"f:154:8:154:34":5,"s:154:34:154:Infinity":26,"f:155:8:155:17":6,"s:155:23:155:Infinity":27,"f:156:8:156:23":7,"s:156:29:156:Infinity":28,"f:157:8:157:19":8,"s:157:25:157:Infinity":29,"f:159:8:159:24":9,"s:160:10:160:Infinity":30,"s:161:10:161:Infinity":31,"f:163:8:163:28":10,"s:163:28:163:Infinity":32,"f:167:8:167:29":11,"s:168:10:168:Infinity":33,"s:169:10:169:Infinity":34,"s:170:10:170:Infinity":35,"b:171:10:171:Infinity:undefined:undefined:undefined:undefined":15,"s:171:10:171:Infinity":36,"s:171:35:171:Infinity":37,"f:173:8:173:39":12,"s:174:10:174:Infinity":38,"s:175:10:175:Infinity":39,"s:176:10:176:Infinity":40,"b:177:10:177:Infinity:undefined:undefined:undefined:undefined":16,"s:177:10:177:Infinity":41,"s:177:33:177:Infinity":42},"fnNames":{}}}
,"/home/max/root/Code-Root/fortgeschrittene-programmierung/frontend/src/components/LanguageSelector/LanguageSelector.tsx": {"path":"/home/max/root/Code-Root/fortgeschrittene-programmierung/frontend/src/components/LanguageSelector/LanguageSelector.tsx","statementMap":{"0":{"start":{"line":5,"column":23},"end":{"line":15,"column":null}},"1":{"start":{"line":19,"column":36},"end":{"line":19,"column":44}},"2":{"start":{"line":21,"column":2},"end":{"line":35,"column":null}},"3":{"start":{"line":22,"column":46},"end":{"line":22,"column":87}}},"fnMap":{"0":{"name":"LanguageSelector","decl":{"start":{"line":18,"column":16},"end":{"line":18,"column":35}},"loc":{"start":{"line":18,"column":35},"end":{"line":37,"column":null}},"line":18},"1":{"name":"(anonymous_1)","decl":{"start":{"line":22,"column":29},"end":{"line":22,"column":40}},"loc":{"start":{"line":22,"column":46},"end":{"line":22,"column":87}},"line":22}},"branchMap":{},"s":{"0":1,"1":1,"2":1,"3":0},"f":{"0":1,"1":0},"b":{},"meta":{"lastBranch":0,"lastFunction":2,"lastStatement":4,"seen":{"s:5:23:15:Infinity":0,"f:18:16:18:35":0,"s:19:36:19:44":1,"s:21:2:35:Infinity":2,"f:22:29:22:40":1,"s:22:46:22:87":3},"fnNames":{}}}
,"/home/max/root/Code-Root/fortgeschrittene-programmierung/frontend/src/components/Layout/Layout.tsx": {"path":"/home/max/root/Code-Root/fortgeschrittene-programmierung/frontend/src/components/Layout/Layout.tsx","statementMap":{"0":{"start":{"line":10,"column":16},"end":{"line":10,"column":24}},"1":{"start":{"line":12,"column":2},"end":{"line":46,"column":null}}},"fnMap":{"0":{"name":"Layout","decl":{"start":{"line":9,"column":16},"end":{"line":9,"column":25}},"loc":{"start":{"line":9,"column":25},"end":{"line":48,"column":null}},"line":9}},"branchMap":{},"s":{"0":1,"1":1},"f":{"0":1},"b":{},"meta":{"lastBranch":0,"lastFunction":1,"lastStatement":2,"seen":{"f:9:16:9:25":0,"s:10:16:10:24":0,"s:12:2:46:Infinity":1},"fnNames":{}}}
,"/home/max/root/Code-Root/fortgeschrittene-programmierung/frontend/src/components/ParameterControls/ParameterControls.tsx": {"path":"/home/max/root/Code-Root/fortgeschrittene-programmierung/frontend/src/components/ParameterControls/ParameterControls.tsx","statementMap":{"0":{"start":{"line":10,"column":6},"end":{"line":10,"column":null}},"1":{"start":{"line":10,"column":36},"end":{"line":10,"column":null}},"2":{"start":{"line":11,"column":6},"end":{"line":11,"column":null}},"3":{"start":{"line":11,"column":41},"end":{"line":11,"column":null}},"4":{"start":{"line":14,"column":2},"end":{"line":25,"column":null}},"5":{"start":{"line":36,"column":2},"end":{"line":44,"column":null}},"6":{"start":{"line":38,"column":29},"end":{"line":38,"column":54}},"7":{"start":{"line":41,"column":29},"end":{"line":41,"column":56}},"8":{"start":{"line":74,"column":28},"end":{"line":74,"column":49}},"9":{"start":{"line":75,"column":16},"end":{"line":75,"column":24}},"10":{"start":{"line":76,"column":32},"end":{"line":76,"column":null}},"11":{"start":{"line":77,"column":32},"end":{"line":77,"column":null}},"12":{"start":{"line":78,"column":36},"end":{"line":78,"column":null}},"13":{"start":{"line":79,"column":38},"end":{"line":79,"column":null}},"14":{"start":{"line":81,"column":2},"end":{"line":86,"column":null}},"15":{"start":{"line":82,"column":4},"end":{"line":82,"column":null}},"16":{"start":{"line":83,"column":4},"end":{"line":83,"column":null}},"17":{"start":{"line":84,"column":4},"end":{"line":84,"column":null}},"18":{"start":{"line":85,"column":4},"end":{"line":85,"column":null}},"19":{"start":{"line":88,"column":8},"end":{"line":92,"column":null}},"20":{"start":{"line":89,"column":14},"end":{"line":89,"column":null}},"21":{"start":{"line":90,"column":4},"end":{"line":91,"column":null}},"22":{"start":{"line":90,"column":45},"end":{"line":90,"column":null}},"23":{"start":{"line":91,"column":9},"end":{"line":91,"column":null}},"24":{"start":{"line":93,"column":8},"end":{"line":97,"column":null}},"25":{"start":{"line":94,"column":14},"end":{"line":94,"column":null}},"26":{"start":{"line":95,"column":4},"end":{"line":96,"column":null}},"27":{"start":{"line":95,"column":45},"end":{"line":95,"column":null}},"28":{"start":{"line":96,"column":9},"end":{"line":96,"column":null}},"29":{"start":{"line":98,"column":8},"end":{"line":102,"column":null}},"30":{"start":{"line":99,"column":14},"end":{"line":99,"column":null}},"31":{"start":{"line":100,"column":4},"end":{"line":101,"column":null}},"32":{"start":{"line":100,"column":44},"end":{"line":100,"column":null}},"33":{"start":{"line":101,"column":9},"end":{"line":101,"column":null}},"34":{"start":{"line":103,"column":8},"end":{"line":107,"column":null}},"35":{"start":{"line":104,"column":14},"end":{"line":104,"column":null}},"36":{"start":{"line":105,"column":4},"end":{"line":106,"column":null}},"37":{"start":{"line":105,"column":44},"end":{"line":105,"column":null}},"38":{"start":{"line":106,"column":9},"end":{"line":106,"column":null}},"39":{"start":{"line":109,"column":2},"end":{"line":187,"column":null}},"40":{"start":{"line":114,"column":31},"end":{"line":114,"column":49}},"41":{"start":{"line":117,"column":31},"end":{"line":117,"column":51}},"42":{"start":{"line":125,"column":31},"end":{"line":125,"column":55}},"43":{"start":{"line":145,"column":37},"end":{"line":145,"column":null}},"44":{"start":{"line":155,"column":37},"end":{"line":155,"column":null}},"45":{"start":{"line":165,"column":37},"end":{"line":165,"column":null}},"46":{"start":{"line":181,"column":35},"end":{"line":181,"column":null}}},"fnMap":{"0":{"name":"(anonymous_0)","decl":{"start":{"line":10,"column":6},"end":{"line":10,"column":20}},"loc":{"start":{"line":10,"column":36},"end":{"line":10,"column":null}},"line":10},"1":{"name":"(anonymous_1)","decl":{"start":{"line":11,"column":6},"end":{"line":11,"column":22}},"loc":{"start":{"line":11,"column":41},"end":{"line":11,"column":null}},"line":11},"2":{"name":"presetButtonStyle","decl":{"start":{"line":13,"column":9},"end":{"line":13,"column":27}},"loc":{"start":{"line":13,"column":44},"end":{"line":26,"column":null}},"line":13},"3":{"name":"PresetSelector","decl":{"start":{"line":35,"column":9},"end":{"line":35,"column":24}},"loc":{"start":{"line":35,"column":102},"end":{"line":46,"column":null}},"line":35},"4":{"name":"(anonymous_4)","decl":{"start":{"line":38,"column":14},"end":{"line":38,"column":29}},"loc":{"start":{"line":38,"column":29},"end":{"line":38,"column":54}},"line":38},"5":{"name":"(anonymous_5)","decl":{"start":{"line":41,"column":14},"end":{"line":41,"column":29}},"loc":{"start":{"line":41,"column":29},"end":{"line":41,"column":56}},"line":41},"6":{"name":"ParameterControls","decl":{"start":{"line":57,"column":16},"end":{"line":57,"column":34}},"loc":{"start":{"line":73,"column":27},"end":{"line":189,"column":null}},"line":73},"7":{"name":"(anonymous_7)","decl":{"start":{"line":72,"column":2},"end":{"line":72,"column":29}},"loc":{"start":{"line":72,"column":29},"end":{"line":72,"column":null}},"line":72},"8":{"name":"(anonymous_8)","decl":{"start":{"line":81,"column":2},"end":{"line":81,"column":18}},"loc":{"start":{"line":81,"column":18},"end":{"line":86,"column":5}},"line":81},"9":{"name":"(anonymous_9)","decl":{"start":{"line":88,"column":8},"end":{"line":88,"column":25}},"loc":{"start":{"line":88,"column":25},"end":{"line":92,"column":null}},"line":88},"10":{"name":"(anonymous_10)","decl":{"start":{"line":93,"column":8},"end":{"line":93,"column":25}},"loc":{"start":{"line":93,"column":25},"end":{"line":97,"column":null}},"line":93},"11":{"name":"(anonymous_11)","decl":{"start":{"line":98,"column":8},"end":{"line":98,"column":27}},"loc":{"start":{"line":98,"column":27},"end":{"line":102,"column":null}},"line":98},"12":{"name":"(anonymous_12)","decl":{"start":{"line":103,"column":8},"end":{"line":103,"column":28}},"loc":{"start":{"line":103,"column":28},"end":{"line":107,"column":null}},"line":103},"13":{"name":"(anonymous_13)","decl":{"start":{"line":114,"column":16},"end":{"line":114,"column":31}},"loc":{"start":{"line":114,"column":31},"end":{"line":114,"column":49}},"line":114},"14":{"name":"(anonymous_14)","decl":{"start":{"line":117,"column":16},"end":{"line":117,"column":31}},"loc":{"start":{"line":117,"column":31},"end":{"line":117,"column":51}},"line":117},"15":{"name":"(anonymous_15)","decl":{"start":{"line":125,"column":16},"end":{"line":125,"column":31}},"loc":{"start":{"line":125,"column":31},"end":{"line":125,"column":55}},"line":125},"16":{"name":"(anonymous_16)","decl":{"start":{"line":145,"column":12},"end":{"line":145,"column":29}},"loc":{"start":{"line":145,"column":37},"end":{"line":145,"column":null}},"line":145},"17":{"name":"(anonymous_17)","decl":{"start":{"line":155,"column":12},"end":{"line":155,"column":29}},"loc":{"start":{"line":155,"column":37},"end":{"line":155,"column":null}},"line":155},"18":{"name":"(anonymous_18)","decl":{"start":{"line":165,"column":12},"end":{"line":165,"column":29}},"loc":{"start":{"line":165,"column":37},"end":{"line":165,"column":null}},"line":165},"19":{"name":"(anonymous_19)","decl":{"start":{"line":181,"column":10},"end":{"line":181,"column":27}},"loc":{"start":{"line":181,"column":35},"end":{"line":181,"column":null}},"line":181}},"branchMap":{"0":{"loc":{"start":{"line":18,"column":12},"end":{"line":18,"column":null}},"type":"cond-expr","locations":[{"start":{"line":18,"column":21},"end":{"line":18,"column":43}},{"start":{"line":18,"column":43},"end":{"line":18,"column":null}}],"line":18},"1":{"loc":{"start":{"line":19,"column":16},"end":{"line":19,"column":null}},"type":"cond-expr","locations":[{"start":{"line":19,"column":25},"end":{"line":19,"column":54}},{"start":{"line":19,"column":54},"end":{"line":19,"column":null}}],"line":19},"2":{"loc":{"start":{"line":20,"column":11},"end":{"line":20,"column":null}},"type":"cond-expr","locations":[{"start":{"line":20,"column":20},"end":{"line":20,"column":32}},{"start":{"line":20,"column":32},"end":{"line":20,"column":null}}],"line":20},"3":{"loc":{"start":{"line":71,"column":2},"end":{"line":71,"column":null}},"type":"default-arg","locations":[{"start":{"line":71,"column":20},"end":{"line":71,"column":null}}],"line":71},"4":{"loc":{"start":{"line":72,"column":2},"end":{"line":72,"column":null}},"type":"default-arg","locations":[{"start":{"line":72,"column":2},"end":{"line":72,"column":null}}],"line":72},"5":{"loc":{"start":{"line":90,"column":4},"end":{"line":91,"column":null}},"type":"if","locations":[{"start":{"line":90,"column":4},"end":{"line":91,"column":null}},{"start":{"line":91,"column":9},"end":{"line":91,"column":null}}],"line":90},"6":{"loc":{"start":{"line":90,"column":8},"end":{"line":90,"column":45}},"type":"binary-expr","locations":[{"start":{"line":90,"column":8},"end":{"line":90,"column":21}},{"start":{"line":90,"column":21},"end":{"line":90,"column":34}},{"start":{"line":90,"column":34},"end":{"line":90,"column":45}}],"line":90},"7":{"loc":{"start":{"line":95,"column":4},"end":{"line":96,"column":null}},"type":"if","locations":[{"start":{"line":95,"column":4},"end":{"line":96,"column":null}},{"start":{"line":96,"column":9},"end":{"line":96,"column":null}}],"line":95},"8":{"loc":{"start":{"line":95,"column":8},"end":{"line":95,"column":45}},"type":"binary-expr","locations":[{"start":{"line":95,"column":8},"end":{"line":95,"column":21}},{"start":{"line":95,"column":21},"end":{"line":95,"column":34}},{"start":{"line":95,"column":34},"end":{"line":95,"column":45}}],"line":95},"9":{"loc":{"start":{"line":100,"column":4},"end":{"line":101,"column":null}},"type":"if","locations":[{"start":{"line":100,"column":4},"end":{"line":101,"column":null}},{"start":{"line":101,"column":9},"end":{"line":101,"column":null}}],"line":100},"10":{"loc":{"start":{"line":100,"column":8},"end":{"line":100,"column":44}},"type":"binary-expr","locations":[{"start":{"line":100,"column":8},"end":{"line":100,"column":21}},{"start":{"line":100,"column":21},"end":{"line":100,"column":33}},{"start":{"line":100,"column":33},"end":{"line":100,"column":44}}],"line":100},"11":{"loc":{"start":{"line":105,"column":4},"end":{"line":106,"column":null}},"type":"if","locations":[{"start":{"line":105,"column":4},"end":{"line":106,"column":null}},{"start":{"line":106,"column":9},"end":{"line":106,"column":null}}],"line":105},"12":{"loc":{"start":{"line":105,"column":8},"end":{"line":105,"column":44}},"type":"binary-expr","locations":[{"start":{"line":105,"column":8},"end":{"line":105,"column":21}},{"start":{"line":105,"column":21},"end":{"line":105,"column":31}},{"start":{"line":105,"column":31},"end":{"line":105,"column":44}}],"line":105},"13":{"loc":{"start":{"line":122,"column":7},"end":{"line":122,"column":null}},"type":"binary-expr","locations":[{"start":{"line":122,"column":7},"end":{"line":122,"column":27}},{"start":{"line":122,"column":27},"end":{"line":122,"column":null}}],"line":122},"14":{"loc":{"start":{"line":126,"column":11},"end":{"line":126,"column":null}},"type":"cond-expr","locations":[{"start":{"line":126,"column":22},"end":{"line":126,"column":43}},{"start":{"line":126,"column":43},"end":{"line":126,"column":null}}],"line":126},"15":{"loc":{"start":{"line":133,"column":7},"end":{"line":167,"column":null}},"type":"cond-expr","locations":[{"start":{"line":134,"column":8},"end":{"line":136,"column":9}},{"start":{"line":136,"column":8},"end":{"line":167,"column":null}}],"line":133}},"s":{"0":3,"1":32,"2":3,"3":0,"4":8,"5":4,"6":0,"7":1,"8":8,"9":8,"10":8,"11":8,"12":8,"13":8,"14":8,"15":4,"16":4,"17":4,"18":4,"19":8,"20":0,"21":0,"22":0,"23":0,"24":8,"25":0,"26":0,"27":0,"28":0,"29":8,"30":0,"31":0,"32":0,"33":0,"34":8,"35":0,"36":0,"37":0,"38":0,"39":8,"40":0,"41":0,"42":1,"43":0,"44":0,"45":0,"46":0},"f":{"0":32,"1":0,"2":8,"3":4,"4":0,"5":1,"6":8,"7":0,"8":4,"9":0,"10":0,"11":0,"12":0,"13":0,"14":0,"15":1,"16":0,"17":0,"18":0,"19":0},"b":{"0":[4,4],"1":[4,4],"2":[4,4],"3":[8],"4":[0],"5":[0,0],"6":[0,0,0],"7":[0,0],"8":[0,0,0],"9":[0,0],"10":[0,0,0],"11":[0,0],"12":[0,0,0],"13":[8,4],"14":[8,0],"15":[0,8]},"meta":{"lastBranch":16,"lastFunction":20,"lastStatement":47,"seen":{"s:10:6:10:Infinity":0,"f:10:6:10:20":0,"s:10:36:10:Infinity":1,"s:11:6:11:Infinity":2,"f:11:6:11:22":1,"s:11:41:11:Infinity":3,"f:13:9:13:27":2,"s:14:2:25:Infinity":4,"b:18:21:18:43:18:43:18:Infinity":0,"b:19:25:19:54:19:54:19:Infinity":1,"b:20:20:20:32:20:32:20:Infinity":2,"f:35:9:35:24":3,"s:36:2:44:Infinity":5,"f:38:14:38:29":4,"s:38:29:38:54":6,"f:41:14:41:29":5,"s:41:29:41:56":7,"f:57:16:57:34":6,"b:71:20:71:Infinity":3,"b:72:2:72:Infinity":4,"f:72:2:72:29":7,"s:74:28:74:49":8,"s:75:16:75:24":9,"s:76:32:76:Infinity":10,"s:77:32:77:Infinity":11,"s:78:36:78:Infinity":12,"s:79:38:79:Infinity":13,"s:81:2:86:Infinity":14,"f:81:2:81:18":8,"s:82:4:82:Infinity":15,"s:83:4:83:Infinity":16,"s:84:4:84:Infinity":17,"s:85:4:85:Infinity":18,"s:88:8:92:Infinity":19,"f:88:8:88:25":9,"s:89:14:89:Infinity":20,"b:90:4:91:Infinity:91:9:91:Infinity":5,"s:90:4:91:Infinity":21,"b:90:8:90:21:90:21:90:34:90:34:90:45":6,"s:90:45:90:Infinity":22,"s:91:9:91:Infinity":23,"s:93:8:97:Infinity":24,"f:93:8:93:25":10,"s:94:14:94:Infinity":25,"b:95:4:96:Infinity:96:9:96:Infinity":7,"s:95:4:96:Infinity":26,"b:95:8:95:21:95:21:95:34:95:34:95:45":8,"s:95:45:95:Infinity":27,"s:96:9:96:Infinity":28,"s:98:8:102:Infinity":29,"f:98:8:98:27":11,"s:99:14:99:Infinity":30,"b:100:4:101:Infinity:101:9:101:Infinity":9,"s:100:4:101:Infinity":31,"b:100:8:100:21:100:21:100:33:100:33:100:44":10,"s:100:44:100:Infinity":32,"s:101:9:101:Infinity":33,"s:103:8:107:Infinity":34,"f:103:8:103:28":12,"s:104:14:104:Infinity":35,"b:105:4:106:Infinity:106:9:106:Infinity":11,"s:105:4:106:Infinity":36,"b:105:8:105:21:105:21:105:31:105:31:105:44":12,"s:105:44:105:Infinity":37,"s:106:9:106:Infinity":38,"s:109:2:187:Infinity":39,"f:114:16:114:31":13,"s:114:31:114:49":40,"f:117:16:117:31":14,"s:117:31:117:51":41,"b:122:7:122:27:122:27:122:Infinity":13,"f:125:16:125:31":15,"s:125:31:125:55":42,"b:126:22:126:43:126:43:126:Infinity":14,"b:134:8:136:9:136:8:167:Infinity":15,"f:145:12:145:29":16,"s:145:37:145:Infinity":43,"f:155:12:155:29":17,"s:155:37:155:Infinity":44,"f:165:12:165:29":18,"s:165:37:165:Infinity":45,"f:181:10:181:27":19,"s:181:35:181:Infinity":46},"fnNames":{}}}
,"/home/max/root/Code-Root/fortgeschrittene-programmierung/frontend/src/components/ParameterControls/ParameterField.tsx": {"path":"/home/max/root/Code-Root/fortgeschrittene-programmierung/frontend/src/components/ParameterControls/ParameterField.tsx","statementMap":{"0":{"start":{"line":3,"column":20},"end":{"line":12,"column":null}},"1":{"start":{"line":14,"column":26},"end":{"line":21,"column":null}},"2":{"start":{"line":39,"column":8},"end":{"line":44,"column":null}},"3":{"start":{"line":40,"column":4},"end":{"line":43,"column":null}},"4":{"start":{"line":41,"column":6},"end":{"line":41,"column":null}},"5":{"start":{"line":42,"column":6},"end":{"line":42,"column":null}},"6":{"start":{"line":45,"column":2},"end":{"line":50,"column":null}},"7":{"start":{"line":48,"column":56},"end":{"line":48,"column":86}},"8":{"start":{"line":49,"column":105},"end":{"line":49,"column":150}}},"fnMap":{"0":{"name":"ParameterField","decl":{"start":{"line":38,"column":16},"end":{"line":38,"column":31}},"loc":{"start":{"line":38,"column":143},"end":{"line":52,"column":null}},"line":38},"1":{"name":"(anonymous_1)","decl":{"start":{"line":39,"column":8},"end":{"line":39,"column":25}},"loc":{"start":{"line":39,"column":70},"end":{"line":44,"column":null}},"line":39},"2":{"name":"(anonymous_2)","decl":{"start":{"line":48,"column":39},"end":{"line":48,"column":50}},"loc":{"start":{"line":48,"column":56},"end":{"line":48,"column":86}},"line":48},"3":{"name":"(anonymous_3)","decl":{"start":{"line":49,"column":88},"end":{"line":49,"column":99}},"loc":{"start":{"line":49,"column":105},"end":{"line":49,"column":150}},"line":49}},"branchMap":{"0":{"loc":{"start":{"line":40,"column":4},"end":{"line":43,"column":null}},"type":"if","locations":[{"start":{"line":40,"column":4},"end":{"line":43,"column":null}},{"start":{},"end":{}}],"line":40}},"s":{"0":3,"1":3,"2":32,"3":0,"4":0,"5":0,"6":32,"7":0,"8":0},"f":{"0":32,"1":0,"2":0,"3":0},"b":{"0":[0,0]},"meta":{"lastBranch":1,"lastFunction":4,"lastStatement":9,"seen":{"s:3:20:12:Infinity":0,"s:14:26:21:Infinity":1,"f:38:16:38:31":0,"s:39:8:44:Infinity":2,"f:39:8:39:25":1,"b:40:4:43:Infinity:undefined:undefined:undefined:undefined":0,"s:40:4:43:Infinity":3,"s:41:6:41:Infinity":4,"s:42:6:42:Infinity":5,"s:45:2:50:Infinity":6,"f:48:39:48:50":2,"s:48:56:48:86":7,"f:49:88:49:99":3,"s:49:105:49:150":8},"fnNames":{}}}
,"/home/max/root/Code-Root/fortgeschrittene-programmierung/frontend/src/components/ParameterControls/SandboxBodyItem.tsx": {"path":"/home/max/root/Code-Root/fortgeschrittene-programmierung/frontend/src/components/ParameterControls/SandboxBodyItem.tsx","statementMap":{"0":{"start":{"line":3,"column":6},"end":{"line":15,"column":null}},"1":{"start":{"line":4,"column":3},"end":{"line":15,"column":null}},"2":{"start":{"line":17,"column":28},"end":{"line":28,"column":null}},"3":{"start":{"line":30,"column":36},"end":{"line":30,"column":null}},"4":{"start":{"line":31,"column":37},"end":{"line":31,"column":null}},"5":{"start":{"line":32,"column":6},"end":{"line":32,"column":null}},"6":{"start":{"line":32,"column":48},"end":{"line":32,"column":null}},"7":{"start":{"line":34,"column":24},"end":{"line":34,"column":null}},"8":{"start":{"line":35,"column":6},"end":{"line":35,"column":null}},"9":{"start":{"line":35,"column":44},"end":{"line":35,"column":null}},"10":{"start":{"line":57,"column":2},"end":{"line":94,"column":null}},"11":{"start":{"line":58,"column":60},"end":{"line":58,"column":79}},"12":{"start":{"line":72,"column":12},"end":{"line":72,"column":null}},"13":{"start":{"line":73,"column":12},"end":{"line":73,"column":null}},"14":{"start":{"line":83,"column":12},"end":{"line":83,"column":null}},"15":{"start":{"line":84,"column":12},"end":{"line":84,"column":null}},"16":{"start":{"line":84,"column":30},"end":{"line":84,"column":null}}},"fnMap":{"0":{"name":"(anonymous_0)","decl":{"start":{"line":3,"column":6},"end":{"line":3,"column":25}},"loc":{"start":{"line":4,"column":3},"end":{"line":15,"column":null}},"line":4},"1":{"name":"(anonymous_1)","decl":{"start":{"line":32,"column":6},"end":{"line":32,"column":27}},"loc":{"start":{"line":32,"column":48},"end":{"line":32,"column":null}},"line":32},"2":{"name":"(anonymous_2)","decl":{"start":{"line":35,"column":6},"end":{"line":35,"column":19}},"loc":{"start":{"line":35,"column":44},"end":{"line":35,"column":null}},"line":35},"3":{"name":"SandboxBodyItem","decl":{"start":{"line":56,"column":16},"end":{"line":56,"column":32}},"loc":{"start":{"line":56,"column":112},"end":{"line":96,"column":null}},"line":56},"4":{"name":"(anonymous_4)","decl":{"start":{"line":58,"column":45},"end":{"line":58,"column":60}},"loc":{"start":{"line":58,"column":60},"end":{"line":58,"column":79}},"line":58},"5":{"name":"(anonymous_5)","decl":{"start":{"line":71,"column":10},"end":{"line":71,"column":20}},"loc":{"start":{"line":71,"column":26},"end":{"line":74,"column":null}},"line":71},"6":{"name":"(anonymous_6)","decl":{"start":{"line":82,"column":10},"end":{"line":82,"column":20}},"loc":{"start":{"line":82,"column":26},"end":{"line":85,"column":null}},"line":82}},"branchMap":{"0":{"loc":{"start":{"line":8,"column":16},"end":{"line":8,"column":null}},"type":"cond-expr","locations":[{"start":{"line":8,"column":27},"end":{"line":8,"column":56}},{"start":{"line":8,"column":56},"end":{"line":8,"column":null}}],"line":8},"1":{"loc":{"start":{"line":9,"column":12},"end":{"line":9,"column":null}},"type":"cond-expr","locations":[{"start":{"line":9,"column":23},"end":{"line":9,"column":45}},{"start":{"line":9,"column":45},"end":{"line":9,"column":null}}],"line":9},"2":{"loc":{"start":{"line":32,"column":48},"end":{"line":32,"column":null}},"type":"cond-expr","locations":[{"start":{"line":32,"column":57},"end":{"line":32,"column":88}},{"start":{"line":32,"column":88},"end":{"line":32,"column":null}}],"line":32},"3":{"loc":{"start":{"line":35,"column":73},"end":{"line":35,"column":105}},"type":"cond-expr","locations":[{"start":{"line":35,"column":86},"end":{"line":35,"column":98}},{"start":{"line":35,"column":98},"end":{"line":35,"column":105}}],"line":35},"4":{"loc":{"start":{"line":61,"column":45},"end":{"line":61,"column":83}},"type":"binary-expr","locations":[{"start":{"line":61,"column":45},"end":{"line":61,"column":58}},{"start":{"line":61,"column":58},"end":{"line":61,"column":83}}],"line":61},"5":{"loc":{"start":{"line":62,"column":9},"end":{"line":65,"column":null}},"type":"binary-expr","locations":[{"start":{"line":62,"column":9},"end":{"line":62,"column":null}},{"start":{"line":63,"column":10},"end":{"line":65,"column":null}}],"line":62},"6":{"loc":{"start":{"line":84,"column":12},"end":{"line":84,"column":null}},"type":"if","locations":[{"start":{"line":84,"column":12},"end":{"line":84,"column":null}},{"start":{},"end":{}}],"line":84}},"s":{"0":3,"1":0,"2":3,"3":3,"4":3,"5":3,"6":0,"7":3,"8":3,"9":0,"10":0,"11":0,"12":0,"13":0,"14":0,"15":0,"16":0},"f":{"0":0,"1":0,"2":0,"3":0,"4":0,"5":0,"6":0},"b":{"0":[0,0],"1":[0,0],"2":[0,0],"3":[0,0],"4":[0,0],"5":[0,0],"6":[0,0]},"meta":{"lastBranch":7,"lastFunction":7,"lastStatement":17,"seen":{"s:3:6:15:Infinity":0,"f:3:6:3:25":0,"s:4:3:15:Infinity":1,"b:8:27:8:56:8:56:8:Infinity":0,"b:9:23:9:45:9:45:9:Infinity":1,"s:17:28:28:Infinity":2,"s:30:36:30:Infinity":3,"s:31:37:31:Infinity":4,"s:32:6:32:Infinity":5,"f:32:6:32:27":1,"s:32:48:32:Infinity":6,"b:32:57:32:88:32:88:32:Infinity":2,"s:34:24:34:Infinity":7,"s:35:6:35:Infinity":8,"f:35:6:35:19":2,"s:35:44:35:Infinity":9,"b:35:86:35:98:35:98:35:105":3,"f:56:16:56:32":3,"s:57:2:94:Infinity":10,"f:58:45:58:60":4,"s:58:60:58:79":11,"b:61:45:61:58:61:58:61:83":4,"b:62:9:62:Infinity:63:10:65:Infinity":5,"f:71:10:71:20":5,"s:72:12:72:Infinity":12,"s:73:12:73:Infinity":13,"f:82:10:82:20":6,"s:83:12:83:Infinity":14,"b:84:12:84:Infinity:undefined:undefined:undefined:undefined":6,"s:84:12:84:Infinity":15,"s:84:30:84:Infinity":16},"fnNames":{}}}
,"/home/max/root/Code-Root/fortgeschrittene-programmierung/frontend/src/components/ParameterControls/SandboxControls.tsx": {"path":"/home/max/root/Code-Root/fortgeschrittene-programmierung/frontend/src/components/ParameterControls/SandboxControls.tsx","statementMap":{"0":{"start":{"line":8,"column":29},"end":{"line":17,"column":null}},"1":{"start":{"line":19,"column":30},"end":{"line":27,"column":null}},"2":{"start":{"line":29,"column":32},"end":{"line":35,"column":null}},"3":{"start":{"line":37,"column":34},"end":{"line":43,"column":null}},"4":{"start":{"line":45,"column":6},"end":{"line":45,"column":null}},"5":{"start":{"line":45,"column":47},"end":{"line":45,"column":null}},"6":{"start":{"line":49,"column":2},"end":{"line":49,"column":null}},"7":{"start":{"line":54,"column":2},"end":{"line":54,"column":null}},"8":{"start":{"line":55,"column":2},"end":{"line":55,"column":null}},"9":{"start":{"line":65,"column":115},"end":{"line":65,"column":136}},"10":{"start":{"line":66,"column":16},"end":{"line":66,"column":24}},"11":{"start":{"line":67,"column":40},"end":{"line":67,"column":null}},"12":{"start":{"line":69,"column":27},"end":{"line":69,"column":null}},"13":{"start":{"line":71,"column":8},"end":{"line":73,"column":null}},"14":{"start":{"line":72,"column":4},"end":{"line":72,"column":null}},"15":{"start":{"line":75,"column":8},"end":{"line":79,"column":null}},"16":{"start":{"line":76,"column":4},"end":{"line":78,"column":null}},"17":{"start":{"line":77,"column":6},"end":{"line":77,"column":null}},"18":{"start":{"line":81,"column":2},"end":{"line":148,"column":null}},"19":{"start":{"line":85,"column":29},"end":{"line":85,"column":67}},"20":{"start":{"line":97,"column":10},"end":{"line":110,"column":null}},"21":{"start":{"line":118,"column":12},"end":{"line":118,"column":null}},"22":{"start":{"line":119,"column":12},"end":{"line":119,"column":null}},"23":{"start":{"line":121,"column":26},"end":{"line":121,"column":null}}},"fnMap":{"0":{"name":"(anonymous_0)","decl":{"start":{"line":45,"column":6},"end":{"line":45,"column":26}},"loc":{"start":{"line":45,"column":47},"end":{"line":45,"column":null}},"line":45},"1":{"name":"resolveActiveSelectedId","decl":{"start":{"line":48,"column":9},"end":{"line":48,"column":33}},"loc":{"start":{"line":48,"column":126},"end":{"line":50,"column":null}},"line":48},"2":{"name":"notifySelection","decl":{"start":{"line":53,"column":9},"end":{"line":53,"column":25}},"loc":{"start":{"line":53,"column":169},"end":{"line":56,"column":null}},"line":53},"3":{"name":"SandboxControls","decl":{"start":{"line":64,"column":16},"end":{"line":64,"column":32}},"loc":{"start":{"line":64,"column":142},"end":{"line":150,"column":null}},"line":64},"4":{"name":"(anonymous_4)","decl":{"start":{"line":71,"column":8},"end":{"line":71,"column":24}},"loc":{"start":{"line":71,"column":39},"end":{"line":73,"column":null}},"line":71},"5":{"name":"(anonymous_5)","decl":{"start":{"line":75,"column":8},"end":{"line":75,"column":28}},"loc":{"start":{"line":75,"column":28},"end":{"line":79,"column":null}},"line":75},"6":{"name":"(anonymous_6)","decl":{"start":{"line":85,"column":14},"end":{"line":85,"column":29}},"loc":{"start":{"line":85,"column":29},"end":{"line":85,"column":67}},"line":85},"7":{"name":"(anonymous_7)","decl":{"start":{"line":96,"column":23},"end":{"line":96,"column":28}},"loc":{"start":{"line":97,"column":10},"end":{"line":110,"column":null}},"line":97},"8":{"name":"(anonymous_8)","decl":{"start":{"line":117,"column":10},"end":{"line":117,"column":22}},"loc":{"start":{"line":117,"column":34},"end":{"line":120,"column":null}},"line":117},"9":{"name":"(anonymous_9)","decl":{"start":{"line":121,"column":10},"end":{"line":121,"column":26}},"loc":{"start":{"line":121,"column":26},"end":{"line":121,"column":null}},"line":121}},"branchMap":{"0":{"loc":{"start":{"line":45,"column":47},"end":{"line":45,"column":null}},"type":"cond-expr","locations":[{"start":{"line":45,"column":56},"end":{"line":45,"column":82}},{"start":{"line":45,"column":82},"end":{"line":45,"column":null}}],"line":45},"1":{"loc":{"start":{"line":49,"column":9},"end":{"line":49,"column":null}},"type":"cond-expr","locations":[{"start":{"line":49,"column":41},"end":{"line":49,"column":59}},{"start":{"line":49,"column":59},"end":{"line":49,"column":null}}],"line":49},"2":{"loc":{"start":{"line":72,"column":20},"end":{"line":72,"column":57}},"type":"cond-expr","locations":[{"start":{"line":72,"column":46},"end":{"line":72,"column":53}},{"start":{"line":72,"column":53},"end":{"line":72,"column":57}}],"line":72},"3":{"loc":{"start":{"line":76,"column":4},"end":{"line":78,"column":null}},"type":"if","locations":[{"start":{"line":76,"column":4},"end":{"line":78,"column":null}},{"start":{},"end":{}}],"line":76},"4":{"loc":{"start":{"line":86,"column":9},"end":{"line":86,"column":null}},"type":"cond-expr","locations":[{"start":{"line":86,"column":27},"end":{"line":86,"column":56}},{"start":{"line":86,"column":56},"end":{"line":86,"column":null}}],"line":86},"5":{"loc":{"start":{"line":89,"column":7},"end":{"line":89,"column":null}},"type":"binary-expr","locations":[{"start":{"line":89,"column":7},"end":{"line":89,"column":26}},{"start":{"line":89,"column":26},"end":{"line":89,"column":null}}],"line":89},"6":{"loc":{"start":{"line":114,"column":7},"end":{"line":122,"column":null}},"type":"binary-expr","locations":[{"start":{"line":114,"column":7},"end":{"line":114,"column":null}},{"start":{"line":115,"column":8},"end":{"line":122,"column":null}}],"line":114},"7":{"loc":{"start":{"line":125,"column":7},"end":{"line":128,"column":null}},"type":"binary-expr","locations":[{"start":{"line":125,"column":7},"end":{"line":125,"column":null}},{"start":{"line":126,"column":8},"end":{"line":128,"column":null}}],"line":125}},"s":{"0":3,"1":3,"2":3,"3":3,"4":3,"5":0,"6":0,"7":0,"8":0,"9":0,"10":0,"11":0,"12":0,"13":0,"14":0,"15":0,"16":0,"17":0,"18":0,"19":0,"20":0,"21":0,"22":0,"23":0},"f":{"0":0,"1":0,"2":0,"3":0,"4":0,"5":0,"6":0,"7":0,"8":0,"9":0},"b":{"0":[0,0],"1":[0,0],"2":[0,0],"3":[0,0],"4":[0,0],"5":[0,0],"6":[0,0],"7":[0,0]},"meta":{"lastBranch":8,"lastFunction":10,"lastStatement":24,"seen":{"s:8:29:17:Infinity":0,"s:19:30:27:Infinity":1,"s:29:32:35:Infinity":2,"s:37:34:43:Infinity":3,"s:45:6:45:Infinity":4,"f:45:6:45:26":0,"s:45:47:45:Infinity":5,"b:45:56:45:82:45:82:45:Infinity":0,"f:48:9:48:33":1,"s:49:2:49:Infinity":6,"b:49:41:49:59:49:59:49:Infinity":1,"f:53:9:53:25":2,"s:54:2:54:Infinity":7,"s:55:2:55:Infinity":8,"f:64:16:64:32":3,"s:65:115:65:136":9,"s:66:16:66:24":10,"s:67:40:67:Infinity":11,"s:69:27:69:Infinity":12,"s:71:8:73:Infinity":13,"f:71:8:71:24":4,"s:72:4:72:Infinity":14,"b:72:46:72:53:72:53:72:57":2,"s:75:8:79:Infinity":15,"f:75:8:75:28":5,"b:76:4:78:Infinity:undefined:undefined:undefined:undefined":3,"s:76:4:78:Infinity":16,"s:77:6:77:Infinity":17,"s:81:2:148:Infinity":18,"f:85:14:85:29":6,"s:85:29:85:67":19,"b:86:27:86:56:86:56:86:Infinity":4,"b:89:7:89:26:89:26:89:Infinity":5,"f:96:23:96:28":7,"s:97:10:110:Infinity":20,"b:114:7:114:Infinity:115:8:122:Infinity":6,"f:117:10:117:22":8,"s:118:12:118:Infinity":21,"s:119:12:119:Infinity":22,"f:121:10:121:26":9,"s:121:26:121:Infinity":23,"b:125:7:125:Infinity:126:8:128:Infinity":7},"fnNames":{}}}
[...]
","locations":[{"start":{"line":127,"column":16},"end":{"line":127,"column":43}},{"start":{"line":127,"column":43},"end":{"line":127,"column":null}}],"line":127},"13":{"loc":{"start":{"line":132,"column":4},"end":{"line":135,"column":null}},"type":"if","locations":[{"start":{"line":132,"column":4},"end":{"line":135,"column":null}},{"start":{},"end":{}}],"line":132},"14":{"loc":{"start":{"line":141,"column":4},"end":{"line":141,"column":null}},"type":"if","locations":[{"start":{"line":141,"column":4},"end":{"line":141,"column":null}},{"start":{},"end":{}}],"line":141},"15":{"loc":{"start":{"line":168,"column":137},"end":{"line":168,"column":154}},"type":"default-arg","locations":[{"start":{"line":168,"column":147},"end":{"line":168,"column":154}}],"line":168},"16":{"loc":{"start":{"line":168,"column":154},"end":{"line":168,"column":174}},"type":"default-arg","locations":[{"start":{"line":168,"column":167},"end":{"line":168,"column":174}}],"line":168},"17":{"loc":{"start":{"line":168,"column":174},"end":{"line":168,"column":198}},"type":"default-arg","locations":[{"start":{"line":168,"column":185},"end":{"line":168,"column":198}}],"line":168},"18":{"loc":{"start":{"line":169,"column":4},"end":{"line":169,"column":null}},"type":"if","locations":[{"start":{"line":169,"column":4},"end":{"line":169,"column":null}},{"start":{},"end":{}}],"line":169},"19":{"loc":{"start":{"line":187,"column":68},"end":{"line":187,"column":87}},"type":"cond-expr","locations":[{"start":{"line":187,"column":81},"end":{"line":187,"column":85}},{"start":{"line":187,"column":85},"end":{"line":187,"column":87}}],"line":187},"20":{"loc":{"start":{"line":191,"column":6},"end":{"line":191,"column":null}},"type":"if","locations":[{"start":{"line":191,"column":6},"end":{"line":191,"column":null}},{"start":{},"end":{}}],"line":191}},"s":{"0":6,"1":6,"2":6,"3":6,"4":6,"5":6,"6":6,"7":0,"8":0,"9":0,"10":0,"11":0,"12":0,"13":0,"14":0,"15":0,"16":0,"17":0,"18":0,"19":0,"20":0,"21":0,"22":0,"23":0,"24":0,"25":0,"26":0,"27":0,"28":0,"29":0,"30":0,"31":0,"32":0,"33":0,"34":0,"35":0,"36":0,"37":7,"38":7,"39":7,"40":7,"41":7,"42":1,"43":1,"44":7,"45":6,"46":6,"47":0,"48":0,"49":0,"50":2,"51":2,"52":2,"53":2,"54":2,"55":2,"56":0,"57":0,"58":0,"59":0,"60":0,"61":0,"62":0,"63":0,"64":0,"65":0,"66":0,"67":0,"68":0,"69":0,"70":0,"71":0,"72":0},"f":{"0":6,"1":6,"2":0,"3":0,"4":0,"5":0,"6":0,"7":0,"8":7,"9":6,"10":2,"11":2,"12":0,"13":0},"b":{"0":[6,0],"1":[0,0],"2":[0,0],"3":[0,0],"4":[0,0],"5":[0,0],"6":[0,0],"7":[0,0],"8":[0,0],"9":[0,0],"10":[0,0],"11":[0,0],"12":[7,0],"13":[1,6],"14":[6,0],"15":[0],"16":[0],"17":[0],"18":[0,0],"19":[0,0],"20":[0,0]},"meta":{"lastBranch":21,"lastFunction":14,"lastStatement":73,"seen":{"f:15:2:15:14":0,"s:16:4:16:Infinity":0,"s:17:4:17:Infinity":1,"f:25:2:25:9":1,"s:34:30:34:Infinity":2,"s:35:4:35:Infinity":3,"s:36:16:36:Infinity":4,"b:37:4:37:Infinity:undefined:undefined:undefined:undefined":0,"s:37:4:37:Infinity":5,"s:37:14:37:Infinity":6,"s:39:10:39:Infinity":7,"f:39:10:39:17":2,"s:39:43:39:Infinity":8,"b:41:4:43:Infinity:undefined:undefined:undefined:undefined":1,"s:41:4:43:Infinity":9,"s:42:6:42:Infinity":10,"b:45:4:49:Infinity:47:11:49:Infinity":2,"s:45:4:49:Infinity":11,"s:46:6:46:Infinity":12,"s:48:6:48:Infinity":13,"b:51:4:53:Infinity:undefined:undefined:undefined:undefined":3,"s:51:4:53:Infinity":14,"s:52:6:52:Infinity":15,"s:55:4:55:Infinity":16,"f:59:2:59:10":3,"s:67:4:67:Infinity":17,"s:69:19:69:Infinity":18,"b:70:4:70:Infinity:undefined:undefined:undefined:undefined":4,"s:70:4:70:Infinity":19,"s:70:22:70:Infinity":20,"s:72:18:72:Infinity":21,"s:73:21:73:Infinity":22,"s:74:37:74:Infinity":23,"s:75:4:75:Infinity":24,"f:79:2:79:10":4,"s:90:24:94:Infinity":25,"s:95:4:98:Infinity":26,"f:95:16:95:25":5,"b:96:6:96:Infinity:undefined:undefined:undefined:undefined":5,"s:96:6:96:Infinity":27,"s:96:21:96:Infinity":28,"s:97:6:97:Infinity":29,"f:102:2:102:10":6,"s:115:4:122:Infinity":30,"f:115:11:115:20":7,"s:116:21:116:Infinity":31,"b:116:21:116:29:116:29:116:Infinity":6,"b:117:6:119:Infinity:undefined:undefined:undefined:undefined":7,"s:117:6:119:Infinity":32,"b:117:10:117:23:117:23:117:60":8,"s:118:8:118:Infinity":33,"b:118:58:118:69:118:69:118:77":9,"s:120:6:120:Infinity":34,"b:120:42:120:53:120:53:120:61":10,"b:121:6:121:Infinity:undefined:undefined:undefined:undefined":11,"s:121:6:121:Infinity":35,"s:121:18:121:Infinity":36,"f:126:2:126:9":8,"s:127:16:127:Infinity":37,"b:127:16:127:43:127:43:127:Infinity":12,"s:128:17:128:Infinity":38,"s:129:4:129:Infinity":39,"s:130:4:130:Infinity":40,"b:132:4:135:Infinity:undefined:undefined:undefined:undefined":13,"s:132:4:135:Infinity":41,"s:133:6:133:Infinity":42,"s:134:6:134:Infinity":43,"s:136:4:136:Infinity":44,"f:140:2:140:9":9,"b:141:4:141:Infinity:undefined:undefined:undefined:undefined":14,"s:141:4:141:Infinity":45,"s:141:19:141:Infinity":46,"s:142:17:142:Infinity":47,"s:143:4:143:Infinity":48,"s:144:4:144:Infinity":49,"f:148:2:148:9":10,"s:149:20:149:Infinity":50,"s:150:20:150:Infinity":51,"s:151:4:154:Infinity":52,"f:158:2:158:9":11,"s:159:20:159:Infinity":53,"s:160:20:160:Infinity":54,"s:161:4:164:Infinity":55,"f:168:2:168:9":12,"b:168:147:168:154":15,"b:168:167:168:174":16,"b:168:185:168:198":17,"b:169:4:169:Infinity:undefined:undefined:undefined:undefined":18,"s:169:4:169:Infinity":56,"s:169:19:169:Infinity":57,"s:170:21:170:Infinity":58,"s:171:19:171:Infinity":59,"s:173:4:173:Infinity":60,"s:174:4:174:Infinity":61,"s:176:21:176:Infinity":62,"s:177:4:177:Infinity":63,"s:178:4:178:Infinity":64,"s:179:4:179:Infinity":65,"s:181:4:181:Infinity":66,"s:182:4:182:Infinity":67,"s:184:16:184:Infinity":68,"s:185:91:189:Infinity":69,"b:187:81:187:85:187:85:187:87":19,"s:190:4:192:Infinity":70,"f:190:10:190:19":13,"b:191:6:191:Infinity:undefined:undefined:undefined:undefined":20,"s:191:6:191:Infinity":71,"s:191:23:191:Infinity":72},"fnNames":{}}}
,"/home/max/root/Code-Root/fortgeschrittene-programmierung/frontend/src/services/canvasHelpers.ts": {"path":"/home/max/root/Code-Root/fortgeschrittene-programmierung/frontend/src/services/canvasHelpers.ts","statementMap":{"0":{"start":{"line":12,"column":2},"end":{"line":12,"column":null}},"1":{"start":{"line":13,"column":21},"end":{"line":13,"column":null}},"2":{"start":{"line":14,"column":2},"end":{"line":14,"column":null}},"3":{"start":{"line":16,"column":2},"end":{"line":19,"column":null}},"4":{"start":{"line":16,"column":15},"end":{"line":16,"column":29}},"5":{"start":{"line":17,"column":15},"end":{"line":17,"column":null}},"6":{"start":{"line":18,"column":4},"end":{"line":18,"column":null}},"7":{"start":{"line":21,"column":2},"end":{"line":21,"column":null}},"8":{"start":{"line":22,"column":2},"end":{"line":22,"column":null}},"9":{"start":{"line":23,"column":2},"end":{"line":23,"column":null}},"10":{"start":{"line":24,"column":2},"end":{"line":24,"column":null}},"11":{"start":{"line":31,"column":14},"end":{"line":31,"column":null}},"12":{"start":{"line":32,"column":2},"end":{"line":32,"column":null}},"13":{"start":{"line":32,"column":15},"end":{"line":32,"column":null}},"14":{"start":{"line":34,"column":22},"end":{"line":34,"column":null}},"15":{"start":{"line":35,"column":22},"end":{"line":35,"column":null}},"16":{"start":{"line":37,"column":19},"end":{"line":41,"column":null}},"17":{"start":{"line":37,"column":70},"end":{"line":41,"column":4}},"18":{"start":{"line":41,"column":39},"end":{"line":41,"column":56}},"19":{"start":{"line":43,"column":2},"end":{"line":45,"column":null}},"20":{"start":{"line":44,"column":4},"end":{"line":44,"column":null}},"21":{"start":{"line":47,"column":2},"end":{"line":47,"column":null}},"22":{"start":{"line":54,"column":45},"end":{"line":54,"column":null}},"23":{"start":{"line":56,"column":2},"end":{"line":56,"column":null}},"24":{"start":{"line":57,"column":2},"end":{"line":57,"column":null}},"25":{"start":{"line":59,"column":2},"end":{"line":73,"column":null}},"26":{"start":{"line":60,"column":15},"end":{"line":60,"column":null}},"27":{"start":{"line":61,"column":21},"end":{"line":61,"column":null}},"28":{"start":{"line":63,"column":4},"end":{"line":63,"column":null}},"29":{"start":{"line":64,"column":4},"end":{"line":64,"column":null}},"30":{"start":{"line":65,"column":4},"end":{"line":65,"column":null}},"31":{"start":{"line":66,"column":4},"end":{"line":66,"column":null}},"32":{"start":{"line":67,"column":4},"end":{"line":67,"column":null}},"33":{"start":{"line":68,"column":4},"end":{"line":68,"column":null}},"34":{"start":{"line":69,"column":4},"end":{"line":69,"column":null}},"35":{"start":{"line":70,"column":4},"end":{"line":70,"column":null}},"36":{"start":{"line":72,"column":4},"end":{"line":72,"column":null}},"37":{"start":{"line":80,"column":2},"end":{"line":80,"column":null}},"38":{"start":{"line":81,"column":2},"end":{"line":81,"column":null}},"39":{"start":{"line":83,"column":22},"end":{"line":83,"column":null}},"40":{"start":{"line":84,"column":2},"end":{"line":84,"column":null}},"41":{"start":{"line":85,"column":2},"end":{"line":85,"column":null}},"42":{"start":{"line":92,"column":20},"end":{"line":92,"column":null}},"43":{"start":{"line":93,"column":2},"end":{"line":93,"column":null}},"44":{"start":{"line":94,"column":2},"end":{"line":94,"column":null}},"45":{"start":{"line":95,"column":2},"end":{"line":95,"column":null}},"46":{"start":{"line":96,"column":2},"end":{"line":96,"column":null}},"47":{"start":{"line":103,"column":2},"end":{"line":103,"column":null}},"48":{"start":{"line":104,"column":2},"end":{"line":104,"column":null}},"49":{"start":{"line":105,"column":2},"end":{"line":105,"column":null}},"50":{"start":{"line":106,"column":2},"end":{"line":106,"column":null}},"51":{"start":{"line":107,"column":2},"end":{"line":107,"column":null}},"52":{"start":{"line":108,"column":2},"end":{"line":108,"column":null}},"53":{"start":{"line":109,"column":2},"end":{"line":109,"column":null}},"54":{"start":{"line":110,"column":2},"end":{"line":110,"column":null}},"55":{"start":{"line":112,"column":16},"end":{"line":112,"column":null}},"56":{"start":{"line":113,"column":2},"end":{"line":113,"column":null}},"57":{"start":{"line":114,"column":2},"end":{"line":114,"column":null}},"58":{"start":{"line":115,"column":2},"end":{"line":115,"column":null}},"59":{"start":{"line":116,"column":2},"end":{"line":116,"column":null}},"60":{"start":{"line":117,"column":2},"end":{"line":117,"column":null}},"61":{"start":{"line":118,"column":2},"end":{"line":118,"column":null}},"62":{"start":{"line":125,"column":2},"end":{"line":125,"column":null}},"63":{"start":{"line":126,"column":2},"end":{"line":126,"column":null}},"64":{"start":{"line":127,"column":2},"end":{"line":127,"column":null}},"65":{"start":{"line":128,"column":2},"end":{"line":128,"column":null}},"66":{"start":{"line":129,"column":2},"end":{"line":129,"column":null}}},"fnMap":{"0":{"name":"drawTrailSection","decl":{"start":{"line":3,"column":9},"end":{"line":3,"column":null}},"loc":{"start":{"line":11,"column":8},"end":{"line":25,"column":null}},"line":11},"1":{"name":"drawTrail","decl":{"start":{"line":30,"column":16},"end":{"line":30,"column":26}},"loc":{"start":{"line":30,"column":175},"end":{"line":48,"column":null}},"line":30},"2":{"name":"(anonymous_2)","decl":{"start":{"line":37,"column":52},"end":{"line":37,"column":56}},"loc":{"start":{"line":37,"column":70},"end":{"line":41,"column":4}},"line":37},"3":{"name":"(anonymous_3)","decl":{"start":{"line":41,"column":6},"end":{"line":41,"column":14}},"loc":{"start":{"line":41,"column":39},"end":{"line":41,"column":56}},"line":41},"4":{"name":"(anonymous_4)","decl":{"start":{"line":43,"column":11},"end":{"line":43,"column":20}},"loc":{"start":{"line":43,"column":48},"end":{"line":45,"column":3}},"line":43},"5":{"name":"drawLagrangePoints","decl":{"start":{"line":53,"column":16},"end":{"line":53,"column":35}},"loc":{"start":{"line":53,"column":166},"end":{"line":74,"column":null}},"line":53},"6":{"name":"(anonymous_6)","decl":{"start":{"line":59,"column":9},"end":{"line":59,"column":18}},"loc":{"start":{"line":59,"column":28},"end":{"line":73,"column":3}},"line":59},"7":{"name":"drawOverlay","decl":{"start":{"line":79,"column":16},"end":{"line":79,"column":28}},"loc":{"start":{"line":79,"column":104},"end":{"line":86,"column":null}},"line":79},"8":{"name":"drawBodyLabel","decl":{"start":{"line":91,"column":16},"end":{"line":91,"column":30}},"loc":{"start":{"line":91,"column":172},"end":{"line":97,"column":null}},"line":91},"9":{"name":"drawVelocityArrow","decl":{"start":{"line":102,"column":16},"end":{"line":102,"column":34}},"loc":{"start":{"line":102,"column":135},"end":{"line":119,"column":null}},"line":102},"10":{"name":"drawRing","decl":{"start":{"line":124,"column":16},"end":{"line":124,"column":25}},"loc":{"start":{"line":124,"column":134},"end":{"line":130,"column":null}},"line":124}},"branchMap":{"0":{"loc":{"start":{"line":32,"column":2},"end":{"line":32,"column":null}},"type":"if","locations":[{"start":{"line":32,"column":2},"end":{"line":32,"column":null}},{"start":{},"end":{}}],"line":32}},"s":{"0":0,"1":0,"2":0,"3":0,"4":0,"5":0,"6":0,"7":0,"8":0,"9":0,"10":0,"11":0,"12":0,"13":0,"14":0,"15":0,"16":0,"17":0,"18":0,"19":0,"20":0,"21":0,"22":0,"23":0,"24":0,"25":0,"26":0,"27":0,"28":0,"29":0,"30":0,"31":0,"32":0,"33":0,"34":0,"35":0,"36":0,"37":0,"38":0,"39":0,"40":0,"41":0,"42":0,"43":0,"44":0,"45":0,"46":0,"47":0,"48":0,"49":0,"50":0,"51":0,"52":0,"53":0,"54":0,"55":0,"56":0,"57":0,"58":0,"59":0,"60":0,"61":0,"62":0,"63":0,"64":0,"65":0,"66":0},"f":{"0":0,"1":0,"2":0,"3":0,"4":0,"5":0,"6":0,"7":0,"8":0,"9":0,"10":0},"b":{"0":[0,0]},"meta":{"lastBranch":1,"lastFunction":11,"lastStatement":67,"seen":{"f:3:9:3:Infinity":0,"s:12:2:12:Infinity":0,"s:13:21:13:Infinity":1,"s:14:2:14:Infinity":2,"s:16:2:19:Infinity":3,"s:16:15:16:29":4,"s:17:15:17:Infinity":5,"s:18:4:18:Infinity":6,"s:21:2:21:Infinity":7,"s:22:2:22:Infinity":8,"s:23:2:23:Infinity":9,"s:24:2:24:Infinity":10,"f:30:16:30:26":1,"s:31:14:31:Infinity":11,"b:32:2:32:Infinity:undefined:undefined:undefined:undefined":0,"s:32:2:32:Infinity":12,"s:32:15:32:Infinity":13,"s:34:22:34:Infinity":14,"s:35:22:35:Infinity":15,"s:37:19:41:Infinity":16,"f:37:52:37:56":2,"s:37:70:41:4":17,"f:41:6:41:14":3,"s:41:39:41:56":18,"s:43:2:45:Infinity":19,"f:43:11:43:20":4,"s:44:4:44:Infinity":20,"s:47:2:47:Infinity":21,"f:53:16:53:35":5,"s:54:45:54:Infinity":22,"s:56:2:56:Infinity":23,"s:57:2:57:Infinity":24,"s:59:2:73:Infinity":25,"f:59:9:59:18":6,"s:60:15:60:Infinity":26,"s:61:21:61:Infinity":27,"s:63:4:63:Infinity":28,"s:64:4:64:Infinity":29,"s:65:4:65:Infinity":30,"s:66:4:66:Infinity":31,"s:67:4:67:Infinity":32,"s:68:4:68:Infinity":33,"s:69:4:69:Infinity":34,"s:70:4:70:Infinity":35,"s:72:4:72:Infinity":36,"f:79:16:79:28":7,"s:80:2:80:Infinity":37,"s:81:2:81:Infinity":38,"s:83:22:83:Infinity":39,"s:84:2:84:Infinity":40,"s:85:2:85:Infinity":41,"f:91:16:91:30":8,"s:92:20:92:Infinity":42,"s:93:2:93:Infinity":43,"s:94:2:94:Infinity":44,"s:95:2:95:Infinity":45,"s:96:2:96:Infinity":46,"f:102:16:102:34":9,"s:103:2:103:Infinity":47,"s:104:2:104:Infinity":48,"s:105:2:105:Infinity":49,"s:106:2:106:Infinity":50,"s:107:2:107:Infinity":51,"s:108:2:108:Infinity":52,"s:109:2:109:Infinity":53,"s:110:2:110:Infinity":54,"s:112:16:112:Infinity":55,"s:113:2:113:Infinity":56,"s:114:2:114:Infinity":57,"s:115:2:115:Infinity":58,"s:116:2:116:Infinity":59,"s:117:2:117:Infinity":60,"s:118:2:118:Infinity":61,"f:124:16:124:25":10,"s:125:2:125:Infinity":62,"s:126:2:126:Infinity":63,"s:127:2:127:Infinity":64,"s:128:2:128:Infinity":65,"s:129:2:129:Infinity":66},"fnNames":{}}}
,"/home/max/root/Code-Root/fortgeschrittene-programmierung/frontend/src/services/wasm.ts": {"path":"/home/max/root/Code-Root/fortgeschrittene-programmierung/frontend/src/services/wasm.ts","statementMap":{"0":{"start":{"line":7,"column":2},"end":{"line":7,"column":null}}},"fnMap":{"0":{"name":"loadWasmApi","decl":{"start":{"line":6,"column":22},"end":{"line":6,"column":51}},"loc":{"start":{"line":6,"column":51},"end":{"line":8,"column":null}},"line":6}},"branchMap":{},"s":{"0":0},"f":{"0":0},"b":{},"meta":{"lastBranch":0,"lastFunction":1,"lastStatement":1,"seen":{"f:6:22:6:51":0,"s:7:2:7:Infinity":0},"fnNames":{}}}
,"/home/max/root/Code-Root/fortgeschrittene-programmierung/frontend/src/services/wasmBridge.ts": {"path":"/home/max/root/Code-Root/fortgeschrittene-programmierung/frontend/src/services/wasmBridge.ts","statementMap":{"0":{"start":{"line":81,"column":4},"end":{"line":81,"column":null}},"1":{"start":{"line":90,"column":4},"end":{"line":90,"column":null}},"2":{"start":{"line":98,"column":4},"end":{"line":98,"column":null}},"3":{"start":{"line":106,"column":4},"end":{"line":106,"column":null}},"4":{"start":{"line":114,"column":4},"end":{"line":114,"column":null}}},"fnMap":{"0":{"name":"constructor","decl":{"start":{"line":80,"column":2},"end":{"line":80,"column":14}},"loc":{"start":{"line":80,"column":45},"end":{"line":82,"column":null}},"line":80},"1":{"name":"step","decl":{"start":{"line":89,"column":2},"end":{"line":89,"column":9}},"loc":{"start":{"line":89,"column":38},"end":{"line":91,"column":null}},"line":89},"2":{"name":"getState","decl":{"start":{"line":97,"column":2},"end":{"line":97,"column":9}},"loc":{"start":{"line":97,"column":37},"end":{"line":99,"column":null}},"line":97},"3":{"name":"getLagrangePoints","decl":{"start":{"line":105,"column":2},"end":{"line":105,"column":9}},"loc":{"start":{"line":105,"column":47},"end":{"line":107,"column":null}},"line":105},"4":{"name":"setState","decl":{"start":{"line":113,"column":2},"end":{"line":113,"column":9}},"loc":{"start":{"line":113,"column":48},"end":{"line":115,"column":null}},"line":113}},"branchMap":{},"s":{"0":10,"1":3,"2":1,"3":5,"4":3},"f":{"0":10,"1":3,"2":1,"3":5,"4":3},"b":{},"meta":{"lastBranch":0,"lastFunction":5,"lastStatement":5,"seen":{"f:80:2:80:14":0,"s:81:4:81:Infinity":0,"f:89:2:89:9":1,"s:90:4:90:Infinity":1,"f:97:2:97:9":2,"s:98:4:98:Infinity":2,"f:105:2:105:9":3,"s:106:4:106:Infinity":3,"f:113:2:113:9":4,"s:114:4:114:Infinity":4},"fnNames":{}}}
,"/home/max/root/Code-Root/fortgeschrittene-programmierung/frontend/src/types/index.ts": {"path":"/home/max/root/Code-Root/fortgeschrittene-programmierung/frontend/src/types/index.ts","statementMap":{},"fnMap":{},"branchMap":{},"s":{},"f":{},"b":{},"meta":{"lastBranch":0,"lastFunction":0,"lastStatement":0,"seen":{},"fnNames":{}}}
,"/home/max/root/Code-Root/fortgeschrittene-programmierung/frontend/src/types/physics.ts": {"path":"/home/max/root/Code-Root/fortgeschrittene-programmierung/frontend/src/types/physics.ts","statementMap":{},"fnMap":{},"branchMap":{},"s":{},"f":{},"b":{},"meta":{"lastBranch":0,"lastFunction":0,"lastStatement":0,"seen":{},"fnNames":{}}}
,"/home/max/root/Code-Root/fortgeschrittene-programmierung/frontend/src/utils/calculateOrbitalVelocity.ts": {"path":"/home/max/root/Code-Root/fortgeschrittene-programmierung/frontend/src/utils/calculateOrbitalVelocity.ts","statementMap":{"0":{"start":{"line":12,"column":2},"end":{"line":14,"column":null}},"1":{"start":{"line":13,"column":4},"end":{"line":13,"column":null}},"2":{"start":{"line":16,"column":32},"end":{"line":16,"column":null}},"3":{"start":{"line":17,"column":2},"end":{"line":17,"column":null}}},"fnMap":{"0":{"name":"calculateOrbitalVelocity","decl":{"start":{"line":11,"column":16},"end":{"line":11,"column":41}},"loc":{"start":{"line":11,"column":84},"end":{"line":18,"column":null}},"line":11}},"branchMap":{"0":{"loc":{"start":{"line":12,"column":2},"end":{"line":14,"column":null}},"type":"if","locations":[{"start":{"line":12,"column":2},"end":{"line":14,"column":null}},{"start":{},"end":{}}],"line":12}},"s":{"0":11,"1":3,"2":8,"3":8},"f":{"0":11},"b":{"0":[3,8]},"meta":{"lastBranch":1,"lastFunction":1,"lastStatement":4,"seen":{"f:11:16:11:41":0,"b:12:2:14:Infinity:undefined:undefined:undefined:undefined":0,"s:12:2:14:Infinity":0,"s:13:4:13:Infinity":1,"s:16:32:16:Infinity":2,"s:17:2:17:Infinity":3},"fnNames":{}}}
}
